<?xml version="1.0" encoding="UTF-8" ?>
<testsuite tests="61" failures="40" name="TestSuite" time="0.12" errors="0" skipped="0">
  <properties>
    <property name="java.runtime.name" value="Java(TM) SE Runtime Environment"/>
    <property name="sun.boot.library.path" value="C:\Program Files\Java\jdk1.8.0_131\jre\bin"/>
    <property name="java.vm.version" value="25.131-b11"/>
    <property name="java.vm.vendor" value="Oracle Corporation"/>
    <property name="maven.multiModuleProjectDirectory" value="C:\Users\pfadmin\eclipse-workspace\RestaurantDelivery-MichaelGabriel-Maven"/>
    <property name="java.vendor.url" value="http://java.oracle.com/"/>
    <property name="path.separator" value=";"/>
    <property name="guice.disable.misplaced.annotation.check" value="true"/>
    <property name="java.vm.name" value="Java HotSpot(TM) 64-Bit Server VM"/>
    <property name="file.encoding.pkg" value="sun.io"/>
    <property name="user.script" value=""/>
    <property name="user.country" value="US"/>
    <property name="sun.java.launcher" value="SUN_STANDARD"/>
    <property name="sun.os.patch.level" value=""/>
    <property name="java.vm.specification.name" value="Java Virtual Machine Specification"/>
    <property name="user.dir" value="C:\Users\pfadmin\eclipse-workspace\RestaurantDelivery-MichaelGabriel-Maven"/>
    <property name="java.runtime.version" value="1.8.0_131-b11"/>
    <property name="java.awt.graphicsenv" value="sun.awt.Win32GraphicsEnvironment"/>
    <property name="java.endorsed.dirs" value="C:\Program Files\Java\jdk1.8.0_131\jre\lib\endorsed"/>
    <property name="os.arch" value="amd64"/>
    <property name="java.io.tmpdir" value="C:\Users\pfadmin\AppData\Local\Temp\"/>
    <property name="line.separator" value="
"/>
    <property name="java.vm.specification.vendor" value="Oracle Corporation"/>
    <property name="user.variant" value=""/>
    <property name="os.name" value="Windows 10"/>
    <property name="classworlds.conf" value="C:\Users\pfadmin\eclipse-workspace\.metadata\.plugins\org.eclipse.m2e.launching\launches\m2conf996923862472512251.tmp"/>
    <property name="sun.jnu.encoding" value="Cp1252"/>
    <property name="java.library.path" value="C:\Program Files\Java\jdk1.8.0_131\bin;C:\WINDOWS\Sun\Java\bin;C:\WINDOWS\system32;C:\WINDOWS;C:/Program Files/Java/jre1.8.0_131/bin/server;C:/Program Files/Java/jre1.8.0_131/bin;C:/Program Files/Java/jre1.8.0_131/lib/amd64;C:\app\psadmin1\product\12.2.0\dbhome_1\bin;C:\ProgramData\Oracle\Java\javapath;C:\Program Files (x86)\Intel\iCLS Client\;C:\Program Files\Intel\iCLS Client\;C:\WINDOWS\system32;C:\WINDOWS;C:\WINDOWS\System32\Wbem;C:\WINDOWS\System32\WindowsPowerShell\v1.0\;C:\Program Files (x86)\Intel\Intel(R) Management Engine Components\DAL;C:\Program Files\Intel\Intel(R) Management Engine Components\DAL;C:\Program Files (x86)\Intel\Intel(R) Management Engine Components\IPT;C:\Program Files\Intel\Intel(R) Management Engine Components\IPT;C:\Program Files\Intel\WiFi\bin\;C:\Program Files\Common Files\Intel\WirelessCommon\;C:\Users\pfadmin\AppData\Local\Microsoft\WindowsApps;;C:\Users\pfadmin\Desktop;;."/>
    <property name="java.specification.name" value="Java Platform API Specification"/>
    <property name="java.class.version" value="52.0"/>
    <property name="sun.management.compiler" value="HotSpot 64-Bit Tiered Compilers"/>
    <property name="os.version" value="10.0"/>
    <property name="user.home" value="C:\Users\pfadmin"/>
    <property name="user.timezone" value="America/New_York"/>
    <property name="java.awt.printerjob" value="sun.awt.windows.WPrinterJob"/>
    <property name="java.specification.version" value="1.8"/>
    <property name="file.encoding" value="Cp1252"/>
    <property name="user.name" value="pfadmin"/>
    <property name="java.class.path" value="C:\Users\pfadmin\.p2\pool\plugins\org.eclipse.m2e.maven.runtime_1.8.2.20171007-0216\jars\plexus-classworlds-2.5.2.jar"/>
    <property name="java.vm.specification.version" value="1.8"/>
    <property name="sun.arch.data.model" value="64"/>
    <property name="java.home" value="C:\Program Files\Java\jdk1.8.0_131\jre"/>
    <property name="sun.java.command" value="org.codehaus.plexus.classworlds.launcher.Launcher -B clean install"/>
    <property name="java.specification.vendor" value="Oracle Corporation"/>
    <property name="user.language" value="en"/>
    <property name="awt.toolkit" value="sun.awt.windows.WToolkit"/>
    <property name="java.vm.info" value="mixed mode"/>
    <property name="java.version" value="1.8.0_131"/>
    <property name="java.ext.dirs" value="C:\Program Files\Java\jdk1.8.0_131\jre\lib\ext;C:\WINDOWS\Sun\Java\lib\ext"/>
    <property name="sun.boot.class.path" value="C:\Program Files\Java\jdk1.8.0_131\jre\lib\resources.jar;C:\Program Files\Java\jdk1.8.0_131\jre\lib\rt.jar;C:\Program Files\Java\jdk1.8.0_131\jre\lib\sunrsasign.jar;C:\Program Files\Java\jdk1.8.0_131\jre\lib\jsse.jar;C:\Program Files\Java\jdk1.8.0_131\jre\lib\jce.jar;C:\Program Files\Java\jdk1.8.0_131\jre\lib\charsets.jar;C:\Program Files\Java\jdk1.8.0_131\jre\lib\jfr.jar;C:\Program Files\Java\jdk1.8.0_131\jre\classes"/>
    <property name="java.vendor" value="Oracle Corporation"/>
    <property name="maven.home" value="C:\Users\pfadmin\eclipse-workspace\RestaurantDelivery-MichaelGabriel-Maven\EMBEDDED"/>
    <property name="file.separator" value="\"/>
    <property name="java.vendor.url.bug" value="http://bugreport.sun.com/bugreport/"/>
    <property name="sun.cpu.endian" value="little"/>
    <property name="sun.io.unicode.encoding" value="UnicodeLittle"/>
    <property name="sun.desktop" value="windows"/>
    <property name="sun.cpu.isalist" value="amd64"/>
  </properties>
  <testcase classname="testng.ItemsTest" name="addItemTest" time="0.022">
    <failure type="java.lang.AssertionError:">java.lang.AssertionError: null
	at org.testng.Assert.fail(Assert.java:96)
	at org.testng.Assert.fail(Assert.java:103)
	at testng.ItemsTest.addItemTest(ItemsTest.java:277)
</failure>
    <system-out>Configuring TestNG with: org.apache.maven.surefire.testng.conf.TestNG652Configurator@71dac704
java.lang.ClassNotFoundException: oracle.jdbc.driver.OracleDriver
</system-out>
  </testcase>
  <testcase classname="testng.ItemsTest" name="addItemTest" time="0"/>
  <testcase classname="testng.ItemsTest" name="addItemTest" time="0"/>
  <testcase classname="testng.ItemsTest" name="getAllActiveItemsTest" time="0.008">
    <failure message="
Expected: every item is hasProperty(&quot;itemIsActive&quot;, is &quot;1&quot;)
     but: was null" type="java.lang.AssertionError">java.lang.AssertionError: 
Expected: every item is hasProperty(&quot;itemIsActive&quot;, is &quot;1&quot;)
     but: was null
	at org.hamcrest.MatcherAssert.assertThat(MatcherAssert.java:20)
	at org.hamcrest.MatcherAssert.assertThat(MatcherAssert.java:8)
	at testng.ItemsTest.getAllActiveItemsTest(ItemsTest.java:61)
</failure>
    <system-out>java.lang.ClassNotFoundException: oracle.jdbc.driver.OracleDriver
</system-out>
    <system-err>java.lang.NullPointerException
	at del.res.dao.ItemsDAO.getAllActiveItems(ItemsDAO.java:24)
	at del.res.bo.ItemsBO.getAllActiveItems(ItemsBO.java:42)
	at testng.ItemsTest.getAllActiveItemsTest(ItemsTest.java:59)
	at sun.reflect.NativeMethodAccessorImpl.invoke0(Native Method)
	at sun.reflect.NativeMethodAccessorImpl.invoke(NativeMethodAccessorImpl.java:62)
	at sun.reflect.DelegatingMethodAccessorImpl.invoke(DelegatingMethodAccessorImpl.java:43)
	at java.lang.reflect.Method.invoke(Method.java:498)
	at org.testng.internal.MethodInvocationHelper.invokeMethod(MethodInvocationHelper.java:124)
	at org.testng.internal.Invoker.invokeMethod(Invoker.java:571)
	at org.testng.internal.Invoker.invokeTestMethod(Invoker.java:707)
	at org.testng.internal.Invoker.invokeTestMethods(Invoker.java:979)
	at org.testng.internal.TestMethodWorker.invokeTestMethods(TestMethodWorker.java:125)
	at org.testng.internal.TestMethodWorker.run(TestMethodWorker.java:109)
	at org.testng.TestRunner.privateRun(TestRunner.java:648)
	at org.testng.TestRunner.run(TestRunner.java:505)
	at org.testng.SuiteRunner.runTest(SuiteRunner.java:455)
	at org.testng.SuiteRunner.runSequentially(SuiteRunner.java:450)
	at org.testng.SuiteRunner.privateRun(SuiteRunner.java:415)
	at org.testng.SuiteRunner.run(SuiteRunner.java:364)
	at org.testng.SuiteRunnerWorker.runSuite(SuiteRunnerWorker.java:52)
	at org.testng.SuiteRunnerWorker.run(SuiteRunnerWorker.java:84)
	at org.testng.TestNG.runSuitesSequentially(TestNG.java:1187)
	at org.testng.TestNG.runSuitesLocally(TestNG.java:1116)
	at org.testng.TestNG.runSuites(TestNG.java:1028)
	at org.testng.TestNG.run(TestNG.java:996)
	at org.apache.maven.surefire.testng.TestNGExecutor.run(TestNGExecutor.java:77)
	at org.apache.maven.surefire.testng.TestNGDirectoryTestSuite.executeMulti(TestNGDirectoryTestSuite.java:159)
	at org.apache.maven.surefire.testng.TestNGDirectoryTestSuite.execute(TestNGDirectoryTestSuite.java:99)
	at org.apache.maven.surefire.testng.TestNGProvider.invoke(TestNGProvider.java:106)
	at sun.reflect.NativeMethodAccessorImpl.invoke0(Native Method)
	at sun.reflect.NativeMethodAccessorImpl.invoke(NativeMethodAccessorImpl.java:62)
	at sun.reflect.DelegatingMethodAccessorImpl.invoke(DelegatingMethodAccessorImpl.java:43)
	at java.lang.reflect.Method.invoke(Method.java:498)
	at org.apache.maven.surefire.util.ReflectionUtils.invokeMethodWithArray(ReflectionUtils.java:189)
	at org.apache.maven.surefire.booter.ProviderFactory$ProviderProxy.invoke(ProviderFactory.java:165)
	at org.apache.maven.surefire.booter.ProviderFactory.invokeProvider(ProviderFactory.java:85)
	at org.apache.maven.surefire.booter.ForkedBooter.runSuitesInProcess(ForkedBooter.java:115)
	at org.apache.maven.surefire.booter.ForkedBooter.main(ForkedBooter.java:75)
</system-err>
  </testcase>
  <testcase classname="testng.ItemsTest" name="getAllItemsTest" time="0">
    <failure message="
Expected: every item is an instance of del.res.models.Item
     but: was null" type="java.lang.AssertionError">java.lang.AssertionError: 
Expected: every item is an instance of del.res.models.Item
     but: was null
	at org.hamcrest.MatcherAssert.assertThat(MatcherAssert.java:20)
	at org.hamcrest.MatcherAssert.assertThat(MatcherAssert.java:8)
	at testng.ItemsTest.getAllItemsTest(ItemsTest.java:166)
</failure>
    <system-out>java.lang.ClassNotFoundException: oracle.jdbc.driver.OracleDriver
</system-out>
    <system-err>java.lang.NullPointerException
	at del.res.dao.ItemsDAO.getAllItems(ItemsDAO.java:128)
	at del.res.bo.ItemsBO.getAllItems(ItemsBO.java:54)
	at testng.ItemsTest.getAllItemsTest(ItemsTest.java:165)
	at sun.reflect.NativeMethodAccessorImpl.invoke0(Native Method)
	at sun.reflect.NativeMethodAccessorImpl.invoke(NativeMethodAccessorImpl.java:62)
	at sun.reflect.DelegatingMethodAccessorImpl.invoke(DelegatingMethodAccessorImpl.java:43)
	at java.lang.reflect.Method.invoke(Method.java:498)
	at org.testng.internal.MethodInvocationHelper.invokeMethod(MethodInvocationHelper.java:124)
	at org.testng.internal.Invoker.invokeMethod(Invoker.java:571)
	at org.testng.internal.Invoker.invokeTestMethod(Invoker.java:707)
	at org.testng.internal.Invoker.invokeTestMethods(Invoker.java:979)
	at org.testng.internal.TestMethodWorker.invokeTestMethods(TestMethodWorker.java:125)
	at org.testng.internal.TestMethodWorker.run(TestMethodWorker.java:109)
	at org.testng.TestRunner.privateRun(TestRunner.java:648)
	at org.testng.TestRunner.run(TestRunner.java:505)
	at org.testng.SuiteRunner.runTest(SuiteRunner.java:455)
	at org.testng.SuiteRunner.runSequentially(SuiteRunner.java:450)
	at org.testng.SuiteRunner.privateRun(SuiteRunner.java:415)
	at org.testng.SuiteRunner.run(SuiteRunner.java:364)
	at org.testng.SuiteRunnerWorker.runSuite(SuiteRunnerWorker.java:52)
	at org.testng.SuiteRunnerWorker.run(SuiteRunnerWorker.java:84)
	at org.testng.TestNG.runSuitesSequentially(TestNG.java:1187)
	at org.testng.TestNG.runSuitesLocally(TestNG.java:1116)
	at org.testng.TestNG.runSuites(TestNG.java:1028)
	at org.testng.TestNG.run(TestNG.java:996)
	at org.apache.maven.surefire.testng.TestNGExecutor.run(TestNGExecutor.java:77)
	at org.apache.maven.surefire.testng.TestNGDirectoryTestSuite.executeMulti(TestNGDirectoryTestSuite.java:159)
	at org.apache.maven.surefire.testng.TestNGDirectoryTestSuite.execute(TestNGDirectoryTestSuite.java:99)
	at org.apache.maven.surefire.testng.TestNGProvider.invoke(TestNGProvider.java:106)
	at sun.reflect.NativeMethodAccessorImpl.invoke0(Native Method)
	at sun.reflect.NativeMethodAccessorImpl.invoke(NativeMethodAccessorImpl.java:62)
	at sun.reflect.DelegatingMethodAccessorImpl.invoke(DelegatingMethodAccessorImpl.java:43)
	at java.lang.reflect.Method.invoke(Method.java:498)
	at org.apache.maven.surefire.util.ReflectionUtils.invokeMethodWithArray(ReflectionUtils.java:189)
	at org.apache.maven.surefire.booter.ProviderFactory$ProviderProxy.invoke(ProviderFactory.java:165)
	at org.apache.maven.surefire.booter.ProviderFactory.invokeProvider(ProviderFactory.java:85)
	at org.apache.maven.surefire.booter.ForkedBooter.runSuitesInProcess(ForkedBooter.java:115)
	at org.apache.maven.surefire.booter.ForkedBooter.main(ForkedBooter.java:75)
</system-err>
  </testcase>
  <testcase classname="testng.ItemsTest" name="getCartItemsTest" time="0.015">
    <failure message="
Expected: every item is hasProperty(&quot;itemName&quot;, one of {&quot;Plain Pie&quot;, &quot;Pepperoni Pie&quot;})
     but: was null" type="java.lang.AssertionError">java.lang.AssertionError: 
Expected: every item is hasProperty(&quot;itemName&quot;, one of {&quot;Plain Pie&quot;, &quot;Pepperoni Pie&quot;})
     but: was null
	at org.hamcrest.MatcherAssert.assertThat(MatcherAssert.java:20)
	at org.hamcrest.MatcherAssert.assertThat(MatcherAssert.java:8)
	at testng.ItemsTest.getCartItemsTest(ItemsTest.java:112)
</failure>
    <system-out>[Plain Pie, Pepperoni Pie]
null
java.lang.ClassNotFoundException: oracle.jdbc.driver.OracleDriver
</system-out>
    <system-err>java.lang.NullPointerException
	at del.res.dao.ItemsDAO.getCartItems(ItemsDAO.java:68)
	at del.res.bo.ItemsBO.getCartItems(ItemsBO.java:50)
	at testng.ItemsTest.getCartItemsTest(ItemsTest.java:111)
	at sun.reflect.NativeMethodAccessorImpl.invoke0(Native Method)
	at sun.reflect.NativeMethodAccessorImpl.invoke(NativeMethodAccessorImpl.java:62)
	at sun.reflect.DelegatingMethodAccessorImpl.invoke(DelegatingMethodAccessorImpl.java:43)
	at java.lang.reflect.Method.invoke(Method.java:498)
	at org.testng.internal.MethodInvocationHelper.invokeMethod(MethodInvocationHelper.java:124)
	at org.testng.internal.Invoker.invokeMethod(Invoker.java:571)
	at org.testng.internal.Invoker.invokeTestMethod(Invoker.java:707)
	at org.testng.internal.Invoker.invokeTestMethods(Invoker.java:979)
	at org.testng.internal.TestMethodWorker.invokeTestMethods(TestMethodWorker.java:125)
	at org.testng.internal.TestMethodWorker.run(TestMethodWorker.java:109)
	at org.testng.TestRunner.privateRun(TestRunner.java:648)
	at org.testng.TestRunner.run(TestRunner.java:505)
	at org.testng.SuiteRunner.runTest(SuiteRunner.java:455)
	at org.testng.SuiteRunner.runSequentially(SuiteRunner.java:450)
	at org.testng.SuiteRunner.privateRun(SuiteRunner.java:415)
	at org.testng.SuiteRunner.run(SuiteRunner.java:364)
	at org.testng.SuiteRunnerWorker.runSuite(SuiteRunnerWorker.java:52)
	at org.testng.SuiteRunnerWorker.run(SuiteRunnerWorker.java:84)
	at org.testng.TestNG.runSuitesSequentially(TestNG.java:1187)
	at org.testng.TestNG.runSuitesLocally(TestNG.java:1116)
	at org.testng.TestNG.runSuites(TestNG.java:1028)
	at org.testng.TestNG.run(TestNG.java:996)
	at org.apache.maven.surefire.testng.TestNGExecutor.run(TestNGExecutor.java:77)
	at org.apache.maven.surefire.testng.TestNGDirectoryTestSuite.executeMulti(TestNGDirectoryTestSuite.java:159)
	at org.apache.maven.surefire.testng.TestNGDirectoryTestSuite.execute(TestNGDirectoryTestSuite.java:99)
	at org.apache.maven.surefire.testng.TestNGProvider.invoke(TestNGProvider.java:106)
	at sun.reflect.NativeMethodAccessorImpl.invoke0(Native Method)
	at sun.reflect.NativeMethodAccessorImpl.invoke(NativeMethodAccessorImpl.java:62)
	at sun.reflect.DelegatingMethodAccessorImpl.invoke(DelegatingMethodAccessorImpl.java:43)
	at java.lang.reflect.Method.invoke(Method.java:498)
	at org.apache.maven.surefire.util.ReflectionUtils.invokeMethodWithArray(ReflectionUtils.java:189)
	at org.apache.maven.surefire.booter.ProviderFactory$ProviderProxy.invoke(ProviderFactory.java:165)
	at org.apache.maven.surefire.booter.ProviderFactory.invokeProvider(ProviderFactory.java:85)
	at org.apache.maven.surefire.booter.ForkedBooter.runSuitesInProcess(ForkedBooter.java:115)
	at org.apache.maven.surefire.booter.ForkedBooter.main(ForkedBooter.java:75)
</system-err>
  </testcase>
  <testcase classname="testng.ItemsTest" name="getCartItemsTest" time="0.008"/>
  <testcase classname="testng.ItemsTest" name="getItemsCountTest" time="0.003">
    <failure message="
Expected: a value greater than &lt;0&gt;
     but: &lt;0&gt; was equal to &lt;0&gt;" type="java.lang.AssertionError">java.lang.AssertionError: 
Expected: a value greater than &lt;0&gt;
     but: &lt;0&gt; was equal to &lt;0&gt;
	at org.hamcrest.MatcherAssert.assertThat(MatcherAssert.java:20)
	at org.hamcrest.MatcherAssert.assertThat(MatcherAssert.java:8)
	at testng.ItemsTest.getItemsCountTest(ItemsTest.java:72)
</failure>
    <system-out>java.lang.ClassNotFoundException: oracle.jdbc.driver.OracleDriver
</system-out>
  </testcase>
  <testcase classname="testng.ItemsTest" name="getTotalsTest" time="0.003">
    <failure type="java.lang.NullPointerException">java.lang.NullPointerException
	at del.res.bo.ItemsBO.getTotals(ItemsBO.java:26)
	at testng.ItemsTest.getTotalsTest(ItemsTest.java:151)
</failure>
    <system-out>java.lang.ClassNotFoundException: oracle.jdbc.driver.OracleDriver
</system-out>
    <system-err>java.lang.NullPointerException
	at del.res.dao.ItemsDAO.getPrices(ItemsDAO.java:98)
	at del.res.bo.ItemsBO.getTotals(ItemsBO.java:25)
	at testng.ItemsTest.getTotalsTest(ItemsTest.java:151)
	at sun.reflect.NativeMethodAccessorImpl.invoke0(Native Method)
	at sun.reflect.NativeMethodAccessorImpl.invoke(NativeMethodAccessorImpl.java:62)
	at sun.reflect.DelegatingMethodAccessorImpl.invoke(DelegatingMethodAccessorImpl.java:43)
	at java.lang.reflect.Method.invoke(Method.java:498)
	at org.testng.internal.MethodInvocationHelper.invokeMethod(MethodInvocationHelper.java:124)
	at org.testng.internal.Invoker.invokeMethod(Invoker.java:571)
	at org.testng.internal.Invoker.invokeTestMethod(Invoker.java:707)
	at org.testng.internal.Invoker.invokeTestMethods(Invoker.java:979)
	at org.testng.internal.TestMethodWorker.invokeTestMethods(TestMethodWorker.java:125)
	at org.testng.internal.TestMethodWorker.run(TestMethodWorker.java:109)
	at org.testng.TestRunner.privateRun(TestRunner.java:648)
	at org.testng.TestRunner.run(TestRunner.java:505)
	at org.testng.SuiteRunner.runTest(SuiteRunner.java:455)
	at org.testng.SuiteRunner.runSequentially(SuiteRunner.java:450)
	at org.testng.SuiteRunner.privateRun(SuiteRunner.java:415)
	at org.testng.SuiteRunner.run(SuiteRunner.java:364)
	at org.testng.SuiteRunnerWorker.runSuite(SuiteRunnerWorker.java:52)
	at org.testng.SuiteRunnerWorker.run(SuiteRunnerWorker.java:84)
	at org.testng.TestNG.runSuitesSequentially(TestNG.java:1187)
	at org.testng.TestNG.runSuitesLocally(TestNG.java:1116)
	at org.testng.TestNG.runSuites(TestNG.java:1028)
	at org.testng.TestNG.run(TestNG.java:996)
	at org.apache.maven.surefire.testng.TestNGExecutor.run(TestNGExecutor.java:77)
	at org.apache.maven.surefire.testng.TestNGDirectoryTestSuite.executeMulti(TestNGDirectoryTestSuite.java:159)
	at org.apache.maven.surefire.testng.TestNGDirectoryTestSuite.execute(TestNGDirectoryTestSuite.java:99)
	at org.apache.maven.surefire.testng.TestNGProvider.invoke(TestNGProvider.java:106)
	at sun.reflect.NativeMethodAccessorImpl.invoke0(Native Method)
	at sun.reflect.NativeMethodAccessorImpl.invoke(NativeMethodAccessorImpl.java:62)
	at sun.reflect.DelegatingMethodAccessorImpl.invoke(DelegatingMethodAccessorImpl.java:43)
	at java.lang.reflect.Method.invoke(Method.java:498)
	at org.apache.maven.surefire.util.ReflectionUtils.invokeMethodWithArray(ReflectionUtils.java:189)
	at org.apache.maven.surefire.booter.ProviderFactory$ProviderProxy.invoke(ProviderFactory.java:165)
	at org.apache.maven.surefire.booter.ProviderFactory.invokeProvider(ProviderFactory.java:85)
	at org.apache.maven.surefire.booter.ForkedBooter.runSuitesInProcess(ForkedBooter.java:115)
	at org.apache.maven.surefire.booter.ForkedBooter.main(ForkedBooter.java:75)
</system-err>
  </testcase>
  <testcase classname="testng.ItemsTest" name="getTotalsTest" time="0.003">
    <failure type="java.lang.NullPointerException">java.lang.NullPointerException
	at del.res.bo.ItemsBO.getTotals(ItemsBO.java:26)
	at testng.ItemsTest.getTotalsTest(ItemsTest.java:151)
</failure>
    <system-out>java.lang.ClassNotFoundException: oracle.jdbc.driver.OracleDriver
</system-out>
    <system-err>java.lang.NullPointerException
	at del.res.dao.ItemsDAO.getPrices(ItemsDAO.java:98)
	at del.res.bo.ItemsBO.getTotals(ItemsBO.java:25)
	at testng.ItemsTest.getTotalsTest(ItemsTest.java:151)
	at sun.reflect.NativeMethodAccessorImpl.invoke0(Native Method)
	at sun.reflect.NativeMethodAccessorImpl.invoke(NativeMethodAccessorImpl.java:62)
	at sun.reflect.DelegatingMethodAccessorImpl.invoke(DelegatingMethodAccessorImpl.java:43)
	at java.lang.reflect.Method.invoke(Method.java:498)
	at org.testng.internal.MethodInvocationHelper.invokeMethod(MethodInvocationHelper.java:124)
	at org.testng.internal.Invoker.invokeMethod(Invoker.java:571)
	at org.testng.internal.Invoker.invokeTestMethod(Invoker.java:707)
	at org.testng.internal.Invoker.invokeTestMethods(Invoker.java:979)
	at org.testng.internal.TestMethodWorker.invokeTestMethods(TestMethodWorker.java:125)
	at org.testng.internal.TestMethodWorker.run(TestMethodWorker.java:109)
	at org.testng.TestRunner.privateRun(TestRunner.java:648)
	at org.testng.TestRunner.run(TestRunner.java:505)
	at org.testng.SuiteRunner.runTest(SuiteRunner.java:455)
	at org.testng.SuiteRunner.runSequentially(SuiteRunner.java:450)
	at org.testng.SuiteRunner.privateRun(SuiteRunner.java:415)
	at org.testng.SuiteRunner.run(SuiteRunner.java:364)
	at org.testng.SuiteRunnerWorker.runSuite(SuiteRunnerWorker.java:52)
	at org.testng.SuiteRunnerWorker.run(SuiteRunnerWorker.java:84)
	at org.testng.TestNG.runSuitesSequentially(TestNG.java:1187)
	at org.testng.TestNG.runSuitesLocally(TestNG.java:1116)
	at org.testng.TestNG.runSuites(TestNG.java:1028)
	at org.testng.TestNG.run(TestNG.java:996)
	at org.apache.maven.surefire.testng.TestNGExecutor.run(TestNGExecutor.java:77)
	at org.apache.maven.surefire.testng.TestNGDirectoryTestSuite.executeMulti(TestNGDirectoryTestSuite.java:159)
	at org.apache.maven.surefire.testng.TestNGDirectoryTestSuite.execute(TestNGDirectoryTestSuite.java:99)
	at org.apache.maven.surefire.testng.TestNGProvider.invoke(TestNGProvider.java:106)
	at sun.reflect.NativeMethodAccessorImpl.invoke0(Native Method)
	at sun.reflect.NativeMethodAccessorImpl.invoke(NativeMethodAccessorImpl.java:62)
	at sun.reflect.DelegatingMethodAccessorImpl.invoke(DelegatingMethodAccessorImpl.java:43)
	at java.lang.reflect.Method.invoke(Method.java:498)
	at org.apache.maven.surefire.util.ReflectionUtils.invokeMethodWithArray(ReflectionUtils.java:189)
	at org.apache.maven.surefire.booter.ProviderFactory$ProviderProxy.invoke(ProviderFactory.java:165)
	at org.apache.maven.surefire.booter.ProviderFactory.invokeProvider(ProviderFactory.java:85)
	at org.apache.maven.surefire.booter.ForkedBooter.runSuitesInProcess(ForkedBooter.java:115)
	at org.apache.maven.surefire.booter.ForkedBooter.main(ForkedBooter.java:75)
</system-err>
  </testcase>
  <testcase classname="testng.ItemsTest" name="getTotalsTest" time="0.003">
    <failure type="java.lang.NullPointerException">java.lang.NullPointerException
	at del.res.bo.ItemsBO.getTotals(ItemsBO.java:26)
	at testng.ItemsTest.getTotalsTest(ItemsTest.java:151)
</failure>
    <system-out>java.lang.ClassNotFoundException: oracle.jdbc.driver.OracleDriver
</system-out>
    <system-err>java.lang.NullPointerException
	at del.res.dao.ItemsDAO.getPrices(ItemsDAO.java:98)
	at del.res.bo.ItemsBO.getTotals(ItemsBO.java:25)
	at testng.ItemsTest.getTotalsTest(ItemsTest.java:151)
	at sun.reflect.NativeMethodAccessorImpl.invoke0(Native Method)
	at sun.reflect.NativeMethodAccessorImpl.invoke(NativeMethodAccessorImpl.java:62)
	at sun.reflect.DelegatingMethodAccessorImpl.invoke(DelegatingMethodAccessorImpl.java:43)
	at java.lang.reflect.Method.invoke(Method.java:498)
	at org.testng.internal.MethodInvocationHelper.invokeMethod(MethodInvocationHelper.java:124)
	at org.testng.internal.Invoker.invokeMethod(Invoker.java:571)
	at org.testng.internal.Invoker.invokeTestMethod(Invoker.java:707)
	at org.testng.internal.Invoker.invokeTestMethods(Invoker.java:979)
	at org.testng.internal.TestMethodWorker.invokeTestMethods(TestMethodWorker.java:125)
	at org.testng.internal.TestMethodWorker.run(TestMethodWorker.java:109)
	at org.testng.TestRunner.privateRun(TestRunner.java:648)
	at org.testng.TestRunner.run(TestRunner.java:505)
	at org.testng.SuiteRunner.runTest(SuiteRunner.java:455)
	at org.testng.SuiteRunner.runSequentially(SuiteRunner.java:450)
	at org.testng.SuiteRunner.privateRun(SuiteRunner.java:415)
	at org.testng.SuiteRunner.run(SuiteRunner.java:364)
	at org.testng.SuiteRunnerWorker.runSuite(SuiteRunnerWorker.java:52)
	at org.testng.SuiteRunnerWorker.run(SuiteRunnerWorker.java:84)
	at org.testng.TestNG.runSuitesSequentially(TestNG.java:1187)
	at org.testng.TestNG.runSuitesLocally(TestNG.java:1116)
	at org.testng.TestNG.runSuites(TestNG.java:1028)
	at org.testng.TestNG.run(TestNG.java:996)
	at org.apache.maven.surefire.testng.TestNGExecutor.run(TestNGExecutor.java:77)
	at org.apache.maven.surefire.testng.TestNGDirectoryTestSuite.executeMulti(TestNGDirectoryTestSuite.java:159)
	at org.apache.maven.surefire.testng.TestNGDirectoryTestSuite.execute(TestNGDirectoryTestSuite.java:99)
	at org.apache.maven.surefire.testng.TestNGProvider.invoke(TestNGProvider.java:106)
	at sun.reflect.NativeMethodAccessorImpl.invoke0(Native Method)
	at sun.reflect.NativeMethodAccessorImpl.invoke(NativeMethodAccessorImpl.java:62)
	at sun.reflect.DelegatingMethodAccessorImpl.invoke(DelegatingMethodAccessorImpl.java:43)
	at java.lang.reflect.Method.invoke(Method.java:498)
	at org.apache.maven.surefire.util.ReflectionUtils.invokeMethodWithArray(ReflectionUtils.java:189)
	at org.apache.maven.surefire.booter.ProviderFactory$ProviderProxy.invoke(ProviderFactory.java:165)
	at org.apache.maven.surefire.booter.ProviderFactory.invokeProvider(ProviderFactory.java:85)
	at org.apache.maven.surefire.booter.ForkedBooter.runSuitesInProcess(ForkedBooter.java:115)
	at org.apache.maven.surefire.booter.ForkedBooter.main(ForkedBooter.java:75)
</system-err>
  </testcase>
  <testcase classname="testng.ItemsTest" name="updateItemTest" time="0.001">
    <failure type="java.lang.NullPointerException">java.lang.NullPointerException
	at del.res.dao.ItemsDAO.getItemByID(ItemsDAO.java:238)
	at del.res.bo.ItemsBO.getItemByID(ItemsBO.java:70)
	at testng.ItemsTest.updateItemTest(ItemsTest.java:202)
</failure>
    <system-out>java.lang.ClassNotFoundException: oracle.jdbc.driver.OracleDriver
</system-out>
  </testcase>
  <testcase classname="testng.ItemsTest" name="updateItemTest" time="0.001">
    <failure type="java.lang.NullPointerException">java.lang.NullPointerException
	at del.res.dao.ItemsDAO.getItemByID(ItemsDAO.java:238)
	at del.res.bo.ItemsBO.getItemByID(ItemsBO.java:70)
	at testng.ItemsTest.updateItemTest(ItemsTest.java:202)
</failure>
    <system-out>java.lang.ClassNotFoundException: oracle.jdbc.driver.OracleDriver
</system-out>
  </testcase>
  <testcase classname="testng.ItemsTest" name="updateItemTest" time="0.001">
    <failure type="java.lang.NullPointerException">java.lang.NullPointerException
	at del.res.dao.ItemsDAO.getItemByID(ItemsDAO.java:238)
	at del.res.bo.ItemsBO.getItemByID(ItemsBO.java:70)
	at testng.ItemsTest.updateItemTest(ItemsTest.java:202)
</failure>
    <system-out>java.lang.ClassNotFoundException: oracle.jdbc.driver.OracleDriver
</system-out>
  </testcase>
  <testcase classname="testng.OrdersTest" name="addItemToOrderTest" time="0">
    <failure type="java.lang.AssertionError:">java.lang.AssertionError: null
	at org.testng.Assert.fail(Assert.java:96)
	at org.testng.Assert.fail(Assert.java:103)
	at testng.OrdersTest.addItemToOrderTest(OrdersTest.java:119)
</failure>
    <system-out>java.lang.ClassNotFoundException: oracle.jdbc.driver.OracleDriver
</system-out>
  </testcase>
  <testcase classname="testng.OrdersTest" name="addItemToOrderTest" time="0"/>
  <testcase classname="testng.OrdersTest" name="addItemToOrderTest" time="0"/>
  <testcase classname="testng.OrdersTest" name="addItemToOrderTest" time="0"/>
  <testcase classname="testng.OrdersTest" name="createOrderTest" time="0">
    <failure message="
Expected: &lt;true&gt;
     but: was &lt;false&gt;" type="java.lang.AssertionError">java.lang.AssertionError: 
Expected: &lt;true&gt;
     but: was &lt;false&gt;
	at org.hamcrest.MatcherAssert.assertThat(MatcherAssert.java:20)
	at org.hamcrest.MatcherAssert.assertThat(MatcherAssert.java:8)
	at testng.OrdersTest.createOrderTest(OrdersTest.java:80)
</failure>
    <system-out>User ID: 1
Store ID: 1
CC Number: 1111111111
Security Number: 1234
Zipcode: 11111
Pretax Revenue: 11.11
Tax Revenue: 1
java.lang.ClassNotFoundException: oracle.jdbc.driver.OracleDriver
</system-out>
    <system-err>java.lang.NullPointerException
	at del.res.dao.OrdersDAO.createOrder(OrdersDAO.java:20)
	at del.res.bo.OrdersBO.createOrder(OrdersBO.java:19)
	at testng.OrdersTest.createOrderTest(OrdersTest.java:76)
	at sun.reflect.NativeMethodAccessorImpl.invoke0(Native Method)
	at sun.reflect.NativeMethodAccessorImpl.invoke(NativeMethodAccessorImpl.java:62)
	at sun.reflect.DelegatingMethodAccessorImpl.invoke(DelegatingMethodAccessorImpl.java:43)
	at java.lang.reflect.Method.invoke(Method.java:498)
	at org.testng.internal.MethodInvocationHelper.invokeMethod(MethodInvocationHelper.java:124)
	at org.testng.internal.Invoker.invokeMethod(Invoker.java:571)
	at org.testng.internal.Invoker.invokeTestMethod(Invoker.java:707)
	at org.testng.internal.Invoker.invokeTestMethods(Invoker.java:979)
	at org.testng.internal.TestMethodWorker.invokeTestMethods(TestMethodWorker.java:125)
	at org.testng.internal.TestMethodWorker.run(TestMethodWorker.java:109)
	at org.testng.TestRunner.privateRun(TestRunner.java:648)
	at org.testng.TestRunner.run(TestRunner.java:505)
	at org.testng.SuiteRunner.runTest(SuiteRunner.java:455)
	at org.testng.SuiteRunner.runSequentially(SuiteRunner.java:450)
	at org.testng.SuiteRunner.privateRun(SuiteRunner.java:415)
	at org.testng.SuiteRunner.run(SuiteRunner.java:364)
	at org.testng.SuiteRunnerWorker.runSuite(SuiteRunnerWorker.java:52)
	at org.testng.SuiteRunnerWorker.run(SuiteRunnerWorker.java:84)
	at org.testng.TestNG.runSuitesSequentially(TestNG.java:1187)
	at org.testng.TestNG.runSuitesLocally(TestNG.java:1116)
	at org.testng.TestNG.runSuites(TestNG.java:1028)
	at org.testng.TestNG.run(TestNG.java:996)
	at org.apache.maven.surefire.testng.TestNGExecutor.run(TestNGExecutor.java:77)
	at org.apache.maven.surefire.testng.TestNGDirectoryTestSuite.executeMulti(TestNGDirectoryTestSuite.java:159)
	at org.apache.maven.surefire.testng.TestNGDirectoryTestSuite.execute(TestNGDirectoryTestSuite.java:99)
	at org.apache.maven.surefire.testng.TestNGProvider.invoke(TestNGProvider.java:106)
	at sun.reflect.NativeMethodAccessorImpl.invoke0(Native Method)
	at sun.reflect.NativeMethodAccessorImpl.invoke(NativeMethodAccessorImpl.java:62)
	at sun.reflect.DelegatingMethodAccessorImpl.invoke(DelegatingMethodAccessorImpl.java:43)
	at java.lang.reflect.Method.invoke(Method.java:498)
	at org.apache.maven.surefire.util.ReflectionUtils.invokeMethodWithArray(ReflectionUtils.java:189)
	at org.apache.maven.surefire.booter.ProviderFactory$ProviderProxy.invoke(ProviderFactory.java:165)
	at org.apache.maven.surefire.booter.ProviderFactory.invokeProvider(ProviderFactory.java:85)
	at org.apache.maven.surefire.booter.ForkedBooter.runSuitesInProcess(ForkedBooter.java:115)
	at org.apache.maven.surefire.booter.ForkedBooter.main(ForkedBooter.java:75)
</system-err>
  </testcase>
  <testcase classname="testng.OrdersTest" name="getAllOrdersTest" time="0">
    <failure type="java.lang.NullPointerException">java.lang.NullPointerException
	at del.res.dao.OrdersDAO.getAllOrders(OrdersDAO.java:138)
	at del.res.bo.OrdersBO.getAllOrders(OrdersBO.java:31)
	at testng.OrdersTest.getAllOrdersTest(OrdersTest.java:171)
</failure>
    <system-out>java.lang.ClassNotFoundException: oracle.jdbc.driver.OracleDriver
</system-out>
  </testcase>
  <testcase classname="testng.OrdersTest" name="getOrdersByUserTest" time="0">
    <failure type="java.lang.AssertionError:">java.lang.AssertionError: null
	at org.testng.Assert.fail(Assert.java:96)
	at org.testng.Assert.fail(Assert.java:103)
	at testng.OrdersTest.getOrdersByUserTest(OrdersTest.java:158)
</failure>
    <system-out>true
java.lang.ClassNotFoundException: oracle.jdbc.driver.OracleDriver
</system-out>
  </testcase>
  <testcase classname="testng.OrdersTest" name="getOrdersByUserTest" time="0"/>
  <testcase classname="testng.OrdersTest" name="getOrdersByUserTest" time="0"/>
  <testcase classname="testng.ReceiptsTest" name="getReceiptItemsTest" time="0"/>
  <testcase classname="testng.ReceiptsTest" name="getReceiptItemsTest" time="0">
    <failure message="
Expected: an empty collection
     but: was null" type="java.lang.AssertionError">java.lang.AssertionError: 
Expected: an empty collection
     but: was null
	at org.hamcrest.MatcherAssert.assertThat(MatcherAssert.java:20)
	at org.hamcrest.MatcherAssert.assertThat(MatcherAssert.java:8)
	at testng.ReceiptsTest.getReceiptItemsTest(ReceiptsTest.java:128)
</failure>
    <system-out>java.lang.ClassNotFoundException: oracle.jdbc.driver.OracleDriver
</system-out>
    <system-err>java.lang.NullPointerException
	at del.res.dao.ReceiptsDAO.getReceiptItems(ReceiptsDAO.java:70)
	at del.res.bo.ReceiptsBO.getReceiptItems(ReceiptsBO.java:22)
	at testng.ReceiptsTest.getReceiptItemsTest(ReceiptsTest.java:126)
	at sun.reflect.NativeMethodAccessorImpl.invoke0(Native Method)
	at sun.reflect.NativeMethodAccessorImpl.invoke(NativeMethodAccessorImpl.java:62)
	at sun.reflect.DelegatingMethodAccessorImpl.invoke(DelegatingMethodAccessorImpl.java:43)
	at java.lang.reflect.Method.invoke(Method.java:498)
	at org.testng.internal.MethodInvocationHelper.invokeMethod(MethodInvocationHelper.java:124)
	at org.testng.internal.Invoker.invokeMethod(Invoker.java:571)
	at org.testng.internal.Invoker.invokeTestMethod(Invoker.java:707)
	at org.testng.internal.Invoker.invokeTestMethods(Invoker.java:979)
	at org.testng.internal.TestMethodWorker.invokeTestMethods(TestMethodWorker.java:125)
	at org.testng.internal.TestMethodWorker.run(TestMethodWorker.java:109)
	at org.testng.TestRunner.privateRun(TestRunner.java:648)
	at org.testng.TestRunner.run(TestRunner.java:505)
	at org.testng.SuiteRunner.runTest(SuiteRunner.java:455)
	at org.testng.SuiteRunner.runSequentially(SuiteRunner.java:450)
	at org.testng.SuiteRunner.privateRun(SuiteRunner.java:415)
	at org.testng.SuiteRunner.run(SuiteRunner.java:364)
	at org.testng.SuiteRunnerWorker.runSuite(SuiteRunnerWorker.java:52)
	at org.testng.SuiteRunnerWorker.run(SuiteRunnerWorker.java:84)
	at org.testng.TestNG.runSuitesSequentially(TestNG.java:1187)
	at org.testng.TestNG.runSuitesLocally(TestNG.java:1116)
	at org.testng.TestNG.runSuites(TestNG.java:1028)
	at org.testng.TestNG.run(TestNG.java:996)
	at org.apache.maven.surefire.testng.TestNGExecutor.run(TestNGExecutor.java:77)
	at org.apache.maven.surefire.testng.TestNGDirectoryTestSuite.executeMulti(TestNGDirectoryTestSuite.java:159)
	at org.apache.maven.surefire.testng.TestNGDirectoryTestSuite.execute(TestNGDirectoryTestSuite.java:99)
	at org.apache.maven.surefire.testng.TestNGProvider.invoke(TestNGProvider.java:106)
	at sun.reflect.NativeMethodAccessorImpl.invoke0(Native Method)
	at sun.reflect.NativeMethodAccessorImpl.invoke(NativeMethodAccessorImpl.java:62)
	at sun.reflect.DelegatingMethodAccessorImpl.invoke(DelegatingMethodAccessorImpl.java:43)
	at java.lang.reflect.Method.invoke(Method.java:498)
	at org.apache.maven.surefire.util.ReflectionUtils.invokeMethodWithArray(ReflectionUtils.java:189)
	at org.apache.maven.surefire.booter.ProviderFactory$ProviderProxy.invoke(ProviderFactory.java:165)
	at org.apache.maven.surefire.booter.ProviderFactory.invokeProvider(ProviderFactory.java:85)
	at org.apache.maven.surefire.booter.ForkedBooter.runSuitesInProcess(ForkedBooter.java:115)
	at org.apache.maven.surefire.booter.ForkedBooter.main(ForkedBooter.java:75)
</system-err>
  </testcase>
  <testcase classname="testng.ReceiptsTest" name="getReceiptSummaryTest" time="0.016">
    <failure message="
Expected: same property values as ReceiptSummary [itemCount: &lt;2&gt;, orderID: null, orderTax: &quot;$2.58&quot;, orderTotal: &quot;$32.08&quot;, storeAddress: &quot;Bronx, NY&quot;, storeDescription: &quot;Frankies Pizza&quot;]
     but: was null" type="java.lang.AssertionError">java.lang.AssertionError: 
Expected: same property values as ReceiptSummary [itemCount: &lt;2&gt;, orderID: null, orderTax: &quot;$2.58&quot;, orderTotal: &quot;$32.08&quot;, storeAddress: &quot;Bronx, NY&quot;, storeDescription: &quot;Frankies Pizza&quot;]
     but: was null
	at org.hamcrest.MatcherAssert.assertThat(MatcherAssert.java:20)
	at org.hamcrest.MatcherAssert.assertThat(MatcherAssert.java:8)
	at testng.ReceiptsTest.getReceiptSummaryTest(ReceiptsTest.java:72)
</failure>
    <system-out>java.lang.ClassNotFoundException: oracle.jdbc.driver.OracleDriver
</system-out>
    <system-err>java.lang.NullPointerException
	at del.res.dao.ReceiptsDAO.getReceiptSummary(ReceiptsDAO.java:21)
	at del.res.bo.ReceiptsBO.getReceiptSummary(ReceiptsBO.java:12)
	at testng.ReceiptsTest.getReceiptSummaryTest(ReceiptsTest.java:71)
	at sun.reflect.NativeMethodAccessorImpl.invoke0(Native Method)
	at sun.reflect.NativeMethodAccessorImpl.invoke(NativeMethodAccessorImpl.java:62)
	at sun.reflect.DelegatingMethodAccessorImpl.invoke(DelegatingMethodAccessorImpl.java:43)
	at java.lang.reflect.Method.invoke(Method.java:498)
	at org.testng.internal.MethodInvocationHelper.invokeMethod(MethodInvocationHelper.java:124)
	at org.testng.internal.Invoker.invokeMethod(Invoker.java:571)
	at org.testng.internal.Invoker.invokeTestMethod(Invoker.java:707)
	at org.testng.internal.Invoker.invokeTestMethods(Invoker.java:979)
	at org.testng.internal.TestMethodWorker.invokeTestMethods(TestMethodWorker.java:125)
	at org.testng.internal.TestMethodWorker.run(TestMethodWorker.java:109)
	at org.testng.TestRunner.privateRun(TestRunner.java:648)
	at org.testng.TestRunner.run(TestRunner.java:505)
	at org.testng.SuiteRunner.runTest(SuiteRunner.java:455)
	at org.testng.SuiteRunner.runSequentially(SuiteRunner.java:450)
	at org.testng.SuiteRunner.privateRun(SuiteRunner.java:415)
	at org.testng.SuiteRunner.run(SuiteRunner.java:364)
	at org.testng.SuiteRunnerWorker.runSuite(SuiteRunnerWorker.java:52)
	at org.testng.SuiteRunnerWorker.run(SuiteRunnerWorker.java:84)
	at org.testng.TestNG.runSuitesSequentially(TestNG.java:1187)
	at org.testng.TestNG.runSuitesLocally(TestNG.java:1116)
	at org.testng.TestNG.runSuites(TestNG.java:1028)
	at org.testng.TestNG.run(TestNG.java:996)
	at org.apache.maven.surefire.testng.TestNGExecutor.run(TestNGExecutor.java:77)
	at org.apache.maven.surefire.testng.TestNGDirectoryTestSuite.executeMulti(TestNGDirectoryTestSuite.java:159)
	at org.apache.maven.surefire.testng.TestNGDirectoryTestSuite.execute(TestNGDirectoryTestSuite.java:99)
	at org.apache.maven.surefire.testng.TestNGProvider.invoke(TestNGProvider.java:106)
	at sun.reflect.NativeMethodAccessorImpl.invoke0(Native Method)
	at sun.reflect.NativeMethodAccessorImpl.invoke(NativeMethodAccessorImpl.java:62)
	at sun.reflect.DelegatingMethodAccessorImpl.invoke(DelegatingMethodAccessorImpl.java:43)
	at java.lang.reflect.Method.invoke(Method.java:498)
	at org.apache.maven.surefire.util.ReflectionUtils.invokeMethodWithArray(ReflectionUtils.java:189)
	at org.apache.maven.surefire.booter.ProviderFactory$ProviderProxy.invoke(ProviderFactory.java:165)
	at org.apache.maven.surefire.booter.ProviderFactory.invokeProvider(ProviderFactory.java:85)
	at org.apache.maven.surefire.booter.ForkedBooter.runSuitesInProcess(ForkedBooter.java:115)
	at org.apache.maven.surefire.booter.ForkedBooter.main(ForkedBooter.java:75)
</system-err>
  </testcase>
  <testcase classname="testng.ReceiptsTest" name="validateUserTest" time="0">
    <failure message="
Expected: &lt;true&gt;
     but: was &lt;false&gt;" type="java.lang.AssertionError">java.lang.AssertionError: 
Expected: &lt;true&gt;
     but: was &lt;false&gt;
	at org.hamcrest.MatcherAssert.assertThat(MatcherAssert.java:20)
	at org.hamcrest.MatcherAssert.assertThat(MatcherAssert.java:8)
	at testng.ReceiptsTest.validateUserTest(ReceiptsTest.java:100)
</failure>
    <system-out>java.lang.ClassNotFoundException: oracle.jdbc.driver.OracleDriver
</system-out>
    <system-err>java.lang.NullPointerException
	at del.res.dao.ReceiptsDAO.validateUser(ReceiptsDAO.java:46)
	at del.res.bo.ReceiptsBO.validateUser(ReceiptsBO.java:17)
	at testng.ReceiptsTest.validateUserTest(ReceiptsTest.java:99)
	at sun.reflect.NativeMethodAccessorImpl.invoke0(Native Method)
	at sun.reflect.NativeMethodAccessorImpl.invoke(NativeMethodAccessorImpl.java:62)
	at sun.reflect.DelegatingMethodAccessorImpl.invoke(DelegatingMethodAccessorImpl.java:43)
	at java.lang.reflect.Method.invoke(Method.java:498)
	at org.testng.internal.MethodInvocationHelper.invokeMethod(MethodInvocationHelper.java:124)
	at org.testng.internal.Invoker.invokeMethod(Invoker.java:571)
	at org.testng.internal.Invoker.invokeTestMethod(Invoker.java:707)
	at org.testng.internal.Invoker.invokeTestMethods(Invoker.java:979)
	at org.testng.internal.TestMethodWorker.invokeTestMethods(TestMethodWorker.java:125)
	at org.testng.internal.TestMethodWorker.run(TestMethodWorker.java:109)
	at org.testng.TestRunner.privateRun(TestRunner.java:648)
	at org.testng.TestRunner.run(TestRunner.java:505)
	at org.testng.SuiteRunner.runTest(SuiteRunner.java:455)
	at org.testng.SuiteRunner.runSequentially(SuiteRunner.java:450)
	at org.testng.SuiteRunner.privateRun(SuiteRunner.java:415)
	at org.testng.SuiteRunner.run(SuiteRunner.java:364)
	at org.testng.SuiteRunnerWorker.runSuite(SuiteRunnerWorker.java:52)
	at org.testng.SuiteRunnerWorker.run(SuiteRunnerWorker.java:84)
	at org.testng.TestNG.runSuitesSequentially(TestNG.java:1187)
	at org.testng.TestNG.runSuitesLocally(TestNG.java:1116)
	at org.testng.TestNG.runSuites(TestNG.java:1028)
	at org.testng.TestNG.run(TestNG.java:996)
	at org.apache.maven.surefire.testng.TestNGExecutor.run(TestNGExecutor.java:77)
	at org.apache.maven.surefire.testng.TestNGDirectoryTestSuite.executeMulti(TestNGDirectoryTestSuite.java:159)
	at org.apache.maven.surefire.testng.TestNGDirectoryTestSuite.execute(TestNGDirectoryTestSuite.java:99)
	at org.apache.maven.surefire.testng.TestNGProvider.invoke(TestNGProvider.java:106)
	at sun.reflect.NativeMethodAccessorImpl.invoke0(Native Method)
	at sun.reflect.NativeMethodAccessorImpl.invoke(NativeMethodAccessorImpl.java:62)
	at sun.reflect.DelegatingMethodAccessorImpl.invoke(DelegatingMethodAccessorImpl.java:43)
	at java.lang.reflect.Method.invoke(Method.java:498)
	at org.apache.maven.surefire.util.ReflectionUtils.invokeMethodWithArray(ReflectionUtils.java:189)
	at org.apache.maven.surefire.booter.ProviderFactory$ProviderProxy.invoke(ProviderFactory.java:165)
	at org.apache.maven.surefire.booter.ProviderFactory.invokeProvider(ProviderFactory.java:85)
	at org.apache.maven.surefire.booter.ForkedBooter.runSuitesInProcess(ForkedBooter.java:115)
	at org.apache.maven.surefire.booter.ForkedBooter.main(ForkedBooter.java:75)
</system-err>
  </testcase>
  <testcase classname="testng.ReviewsTest" name="getItemInfoTest" time="0">
    <failure type="java.lang.NullPointerException">java.lang.NullPointerException
	at del.res.dao.ReviewsDAO.getItemInfo(ReviewsDAO.java:46)
	at del.res.bo.ReviewsBO.getItemInfo(ReviewsBO.java:17)
	at testng.ReviewsTest.getItemInfoTest(ReviewsTest.java:104)
</failure>
    <system-out>java.lang.ClassNotFoundException: oracle.jdbc.driver.OracleDriver
</system-out>
  </testcase>
  <testcase classname="testng.ReviewsTest" name="getPastReviewsTest" time="0">
    <failure type="java.lang.NullPointerException">java.lang.NullPointerException
	at del.res.dao.ReviewsDAO.getPastReviews(ReviewsDAO.java:73)
	at del.res.bo.ReviewsBO.getPastReviews(ReviewsBO.java:22)
	at testng.ReviewsTest.getPastReviewsTest(ReviewsTest.java:130)
</failure>
    <system-out>java.lang.ClassNotFoundException: oracle.jdbc.driver.OracleDriver
</system-out>
  </testcase>
  <testcase classname="testng.ReviewsTest" name="getReviewsByUserTest" time="0">
    <failure type="java.lang.NullPointerException">java.lang.NullPointerException
	at del.res.dao.ReviewsDAO.getReviewsByUser(ReviewsDAO.java:99)
	at del.res.bo.ReviewsBO.getReviewsByUser(ReviewsBO.java:27)
	at testng.ReviewsTest.getReviewsByUserTest(ReviewsTest.java:163)
</failure>
    <system-out>java.lang.ClassNotFoundException: oracle.jdbc.driver.OracleDriver
</system-out>
  </testcase>
  <testcase classname="testng.ReviewsTest" name="submitReviewTest" time="0.001">
    <failure type="java.lang.NullPointerException">java.lang.NullPointerException
	at del.res.dao.ReviewsDAO.submitReview(ReviewsDAO.java:20)
	at del.res.bo.ReviewsBO.submitReview(ReviewsBO.java:12)
	at testng.ReviewsTest.submitReviewTest(ReviewsTest.java:65)
</failure>
    <system-out>java.lang.ClassNotFoundException: oracle.jdbc.driver.OracleDriver
</system-out>
  </testcase>
  <testcase classname="testng.StoresTest" name="createStoreTest" time="0.001">
    <failure type="java.lang.NullPointerException">java.lang.NullPointerException
	at del.res.dao.StoresDAO.createStore(StoresDAO.java:96)
	at del.res.bo.StoresBO.createStore(StoresBO.java:22)
	at testng.StoresTest.createStoreTest(StoresTest.java:124)
</failure>
    <system-out>java.lang.ClassNotFoundException: oracle.jdbc.driver.OracleDriver
</system-out>
  </testcase>
  <testcase classname="testng.StoresTest" name="getAllStoresTest" time="0.002">
    <failure message="
Expected: every item is an instance of del.res.models.Store
     but: was null" type="java.lang.AssertionError">java.lang.AssertionError: 
Expected: every item is an instance of del.res.models.Store
     but: was null
	at org.hamcrest.MatcherAssert.assertThat(MatcherAssert.java:20)
	at org.hamcrest.MatcherAssert.assertThat(MatcherAssert.java:8)
	at testng.StoresTest.getAllStoresTest(StoresTest.java:49)
</failure>
    <system-out>java.lang.ClassNotFoundException: oracle.jdbc.driver.OracleDriver
</system-out>
    <system-err>java.lang.NullPointerException
	at del.res.dao.StoresDAO.getAllStores(StoresDAO.java:20)
	at del.res.bo.StoresBO.getAllStores(StoresBO.java:18)
	at testng.StoresTest.getAllStoresTest(StoresTest.java:48)
	at sun.reflect.NativeMethodAccessorImpl.invoke0(Native Method)
	at sun.reflect.NativeMethodAccessorImpl.invoke(NativeMethodAccessorImpl.java:62)
	at sun.reflect.DelegatingMethodAccessorImpl.invoke(DelegatingMethodAccessorImpl.java:43)
	at java.lang.reflect.Method.invoke(Method.java:498)
	at org.testng.internal.MethodInvocationHelper.invokeMethod(MethodInvocationHelper.java:124)
	at org.testng.internal.Invoker.invokeMethod(Invoker.java:571)
	at org.testng.internal.Invoker.invokeTestMethod(Invoker.java:707)
	at org.testng.internal.Invoker.invokeTestMethods(Invoker.java:979)
	at org.testng.internal.TestMethodWorker.invokeTestMethods(TestMethodWorker.java:125)
	at org.testng.internal.TestMethodWorker.run(TestMethodWorker.java:109)
	at org.testng.TestRunner.privateRun(TestRunner.java:648)
	at org.testng.TestRunner.run(TestRunner.java:505)
	at org.testng.SuiteRunner.runTest(SuiteRunner.java:455)
	at org.testng.SuiteRunner.runSequentially(SuiteRunner.java:450)
	at org.testng.SuiteRunner.privateRun(SuiteRunner.java:415)
	at org.testng.SuiteRunner.run(SuiteRunner.java:364)
	at org.testng.SuiteRunnerWorker.runSuite(SuiteRunnerWorker.java:52)
	at org.testng.SuiteRunnerWorker.run(SuiteRunnerWorker.java:84)
	at org.testng.TestNG.runSuitesSequentially(TestNG.java:1187)
	at org.testng.TestNG.runSuitesLocally(TestNG.java:1116)
	at org.testng.TestNG.runSuites(TestNG.java:1028)
	at org.testng.TestNG.run(TestNG.java:996)
	at org.apache.maven.surefire.testng.TestNGExecutor.run(TestNGExecutor.java:77)
	at org.apache.maven.surefire.testng.TestNGDirectoryTestSuite.executeMulti(TestNGDirectoryTestSuite.java:159)
	at org.apache.maven.surefire.testng.TestNGDirectoryTestSuite.execute(TestNGDirectoryTestSuite.java:99)
	at org.apache.maven.surefire.testng.TestNGProvider.invoke(TestNGProvider.java:106)
	at sun.reflect.NativeMethodAccessorImpl.invoke0(Native Method)
	at sun.reflect.NativeMethodAccessorImpl.invoke(NativeMethodAccessorImpl.java:62)
	at sun.reflect.DelegatingMethodAccessorImpl.invoke(DelegatingMethodAccessorImpl.java:43)
	at java.lang.reflect.Method.invoke(Method.java:498)
	at org.apache.maven.surefire.util.ReflectionUtils.invokeMethodWithArray(ReflectionUtils.java:189)
	at org.apache.maven.surefire.booter.ProviderFactory$ProviderProxy.invoke(ProviderFactory.java:165)
	at org.apache.maven.surefire.booter.ProviderFactory.invokeProvider(ProviderFactory.java:85)
	at org.apache.maven.surefire.booter.ForkedBooter.runSuitesInProcess(ForkedBooter.java:115)
	at org.apache.maven.surefire.booter.ForkedBooter.main(ForkedBooter.java:75)
</system-err>
  </testcase>
  <testcase classname="testng.StoresTest" name="updateStoreTest" time="0.001">
    <failure type="java.lang.NullPointerException">java.lang.NullPointerException
	at del.res.dao.StoresDAO.getStoreByID(StoresDAO.java:125)
	at del.res.bo.StoresBO.getStoreByID(StoresBO.java:33)
	at testng.StoresTest.updateStoreTest(StoresTest.java:86)
</failure>
    <system-out>java.lang.ClassNotFoundException: oracle.jdbc.driver.OracleDriver
</system-out>
  </testcase>
  <testcase classname="testng.UsersTest" name="createUserTest" time="0">
    <failure type="java.lang.NullPointerException">java.lang.NullPointerException
	at del.res.dao.UsersDAO.registerQuery(UsersDAO.java:21)
	at del.res.bo.UsersBO.registerQuery(UsersBO.java:16)
	at del.res.bo.UsersBO.createUser(UsersBO.java:20)
	at testng.UsersTest.createUserTest(UsersTest.java:94)
</failure>
    <system-out>[Valid credentials; user created, mike2, mike, Mike, Mike, m, 23 Mars Place, 1234567890, mike@mike.com, 1]
[Username, too long, aaaaaaaaaaaaaaaaaaaaa, mike, Mike, Mike, m, 23 Mars Place, 1234567890, mike@mike.com, 0]
[Password too long, mike4, aaaaaaaaaaaaaaaaaaaaa, Mike, Mike, m, 23 Mars Place, 1234567890, mike@mike.com, 0]
[Firstname too long, mike5, mike, aaaaaaaaaaaaaaaaaaaaa, Mike, m, 24 Mars Place, 1234567890, mike@mike.com, 0]
[Lastname too long, mike6, mike, Mike, aaaaaaaaaaaaaaaaaaaaa, m, 25 Mars Place, 1234567890, mike@mike.com, 0]
[Gender more than 1 char, mike7, mike, Mike, Mike, mm, 26 Mars Place, 1234567890, mike@mike.com, 0]
[Address too long, mike8, mike, Mike, Mike, m, aaaaaaaaaaaaaaaaaaaaaaaaaaaaaaaaaaaaaaaaaaaaaaaaaaaaaaaaaaaaaaaaaaaaaaaaaaaaaaaaaaaaaaaaaaaaaaaaaaaaaaaaaaaaaaaaaaaaaaaaaaaaaaaaaaaaaaaaaaaaaaaaaaaaaaaaaaaaaaaaaaaaaaaaaaaaaaaaaaaaaaaaaaaaaaaaaaaaaaaaaaaaaaaaaaaaaaaaaa, 1234567890, mike@mike.com, 0]
[Phone non-numeric, mike9, mike, Mike, Mike, m, 23 Mars Place, abcdefghij, mike@mike.com, 0]
[Email too long, mike10, mike, Mike, Mike, m, 23 Mars Place, 23 Mars Place, aaaaaaaaaaaaaaaaaaaaa@aaaaaaaaaaaaaaaaaaaaa.com, 0]
java.lang.ClassNotFoundException: oracle.jdbc.driver.OracleDriver
</system-out>
  </testcase>
  <testcase classname="testng.UsersTest" name="createUserTest" time="0">
    <failure type="java.lang.NullPointerException">java.lang.NullPointerException
	at del.res.dao.UsersDAO.registerQuery(UsersDAO.java:21)
	at del.res.bo.UsersBO.registerQuery(UsersBO.java:16)
	at del.res.bo.UsersBO.createUser(UsersBO.java:20)
	at testng.UsersTest.createUserTest(UsersTest.java:94)
</failure>
    <system-out>java.lang.ClassNotFoundException: oracle.jdbc.driver.OracleDriver
</system-out>
  </testcase>
  <testcase classname="testng.UsersTest" name="createUserTest" time="0">
    <failure type="java.lang.NullPointerException">java.lang.NullPointerException
	at del.res.dao.UsersDAO.registerQuery(UsersDAO.java:21)
	at del.res.bo.UsersBO.registerQuery(UsersBO.java:16)
	at del.res.bo.UsersBO.createUser(UsersBO.java:20)
	at testng.UsersTest.createUserTest(UsersTest.java:94)
</failure>
    <system-out>java.lang.ClassNotFoundException: oracle.jdbc.driver.OracleDriver
</system-out>
  </testcase>
  <testcase classname="testng.UsersTest" name="createUserTest" time="0">
    <failure type="java.lang.NullPointerException">java.lang.NullPointerException
	at del.res.dao.UsersDAO.registerQuery(UsersDAO.java:21)
	at del.res.bo.UsersBO.registerQuery(UsersBO.java:16)
	at del.res.bo.UsersBO.createUser(UsersBO.java:20)
	at testng.UsersTest.createUserTest(UsersTest.java:94)
</failure>
    <system-out>java.lang.ClassNotFoundException: oracle.jdbc.driver.OracleDriver
</system-out>
  </testcase>
  <testcase classname="testng.UsersTest" name="createUserTest" time="0">
    <failure type="java.lang.NullPointerException">java.lang.NullPointerException
	at del.res.dao.UsersDAO.registerQuery(UsersDAO.java:21)
	at del.res.bo.UsersBO.registerQuery(UsersBO.java:16)
	at del.res.bo.UsersBO.createUser(UsersBO.java:20)
	at testng.UsersTest.createUserTest(UsersTest.java:94)
</failure>
    <system-out>java.lang.ClassNotFoundException: oracle.jdbc.driver.OracleDriver
</system-out>
  </testcase>
  <testcase classname="testng.UsersTest" name="createUserTest" time="0">
    <failure type="java.lang.NullPointerException">java.lang.NullPointerException
	at del.res.dao.UsersDAO.registerQuery(UsersDAO.java:21)
	at del.res.bo.UsersBO.registerQuery(UsersBO.java:16)
	at del.res.bo.UsersBO.createUser(UsersBO.java:20)
	at testng.UsersTest.createUserTest(UsersTest.java:94)
</failure>
    <system-out>java.lang.ClassNotFoundException: oracle.jdbc.driver.OracleDriver
</system-out>
  </testcase>
  <testcase classname="testng.UsersTest" name="createUserTest" time="0">
    <failure type="java.lang.NullPointerException">java.lang.NullPointerException
	at del.res.dao.UsersDAO.registerQuery(UsersDAO.java:21)
	at del.res.bo.UsersBO.registerQuery(UsersBO.java:16)
	at del.res.bo.UsersBO.createUser(UsersBO.java:20)
	at testng.UsersTest.createUserTest(UsersTest.java:94)
</failure>
    <system-out>java.lang.ClassNotFoundException: oracle.jdbc.driver.OracleDriver
</system-out>
  </testcase>
  <testcase classname="testng.UsersTest" name="createUserTest" time="0">
    <failure type="java.lang.NullPointerException">java.lang.NullPointerException
	at del.res.dao.UsersDAO.registerQuery(UsersDAO.java:21)
	at del.res.bo.UsersBO.registerQuery(UsersBO.java:16)
	at del.res.bo.UsersBO.createUser(UsersBO.java:20)
	at testng.UsersTest.createUserTest(UsersTest.java:94)
</failure>
    <system-out>java.lang.ClassNotFoundException: oracle.jdbc.driver.OracleDriver
</system-out>
  </testcase>
  <testcase classname="testng.UsersTest" name="createUserTest" time="0">
    <failure type="java.lang.NullPointerException">java.lang.NullPointerException
	at del.res.dao.UsersDAO.registerQuery(UsersDAO.java:21)
	at del.res.bo.UsersBO.registerQuery(UsersBO.java:16)
	at del.res.bo.UsersBO.createUser(UsersBO.java:20)
	at testng.UsersTest.createUserTest(UsersTest.java:94)
</failure>
    <system-out>java.lang.ClassNotFoundException: oracle.jdbc.driver.OracleDriver
</system-out>
  </testcase>
  <testcase classname="testng.UsersTest" name="getDetailsTest" time="0">
    <failure type="java.lang.AssertionError:">java.lang.AssertionError: null
	at org.testng.Assert.fail(Assert.java:96)
	at org.testng.Assert.fail(Assert.java:103)
	at testng.UsersTest.getDetailsTest(UsersTest.java:154)
</failure>
    <system-out>[Valid ID, 3, mike]
[Invalid ID, 4000, null]
[ID contains non-numeric chars, abc, null]
java.lang.ClassNotFoundException: oracle.jdbc.driver.OracleDriver
</system-out>
    <system-err>java.lang.NullPointerException
	at del.res.dao.UsersDAO.getDetails(UsersDAO.java:89)
	at del.res.bo.UsersBO.getDetails(UsersBO.java:37)
	at testng.UsersTest.getDetailsTest(UsersTest.java:147)
	at sun.reflect.NativeMethodAccessorImpl.invoke0(Native Method)
	at sun.reflect.NativeMethodAccessorImpl.invoke(NativeMethodAccessorImpl.java:62)
	at sun.reflect.DelegatingMethodAccessorImpl.invoke(DelegatingMethodAccessorImpl.java:43)
	at java.lang.reflect.Method.invoke(Method.java:498)
	at org.testng.internal.MethodInvocationHelper.invokeMethod(MethodInvocationHelper.java:124)
	at org.testng.internal.Invoker.invokeMethod(Invoker.java:571)
	at org.testng.internal.Invoker.invokeTestMethod(Invoker.java:707)
	at org.testng.internal.Invoker.invokeTestMethods(Invoker.java:979)
	at org.testng.internal.TestMethodWorker.invokeTestMethods(TestMethodWorker.java:125)
	at org.testng.internal.TestMethodWorker.run(TestMethodWorker.java:109)
	at org.testng.TestRunner.privateRun(TestRunner.java:648)
	at org.testng.TestRunner.run(TestRunner.java:505)
	at org.testng.SuiteRunner.runTest(SuiteRunner.java:455)
	at org.testng.SuiteRunner.runSequentially(SuiteRunner.java:450)
	at org.testng.SuiteRunner.privateRun(SuiteRunner.java:415)
	at org.testng.SuiteRunner.run(SuiteRunner.java:364)
	at org.testng.SuiteRunnerWorker.runSuite(SuiteRunnerWorker.java:52)
	at org.testng.SuiteRunnerWorker.run(SuiteRunnerWorker.java:84)
	at org.testng.TestNG.runSuitesSequentially(TestNG.java:1187)
	at org.testng.TestNG.runSuitesLocally(TestNG.java:1116)
	at org.testng.TestNG.runSuites(TestNG.java:1028)
	at org.testng.TestNG.run(TestNG.java:996)
	at org.apache.maven.surefire.testng.TestNGExecutor.run(TestNGExecutor.java:77)
	at org.apache.maven.surefire.testng.TestNGDirectoryTestSuite.executeMulti(TestNGDirectoryTestSuite.java:159)
	at org.apache.maven.surefire.testng.TestNGDirectoryTestSuite.execute(TestNGDirectoryTestSuite.java:99)
	at org.apache.maven.surefire.testng.TestNGProvider.invoke(TestNGProvider.java:106)
	at sun.reflect.NativeMethodAccessorImpl.invoke0(Native Method)
	at sun.reflect.NativeMethodAccessorImpl.invoke(NativeMethodAccessorImpl.java:62)
	at sun.reflect.DelegatingMethodAccessorImpl.invoke(DelegatingMethodAccessorImpl.java:43)
	at java.lang.reflect.Method.invoke(Method.java:498)
	at org.apache.maven.surefire.util.ReflectionUtils.invokeMethodWithArray(ReflectionUtils.java:189)
	at org.apache.maven.surefire.booter.ProviderFactory$ProviderProxy.invoke(ProviderFactory.java:165)
	at org.apache.maven.surefire.booter.ProviderFactory.invokeProvider(ProviderFactory.java:85)
	at org.apache.maven.surefire.booter.ForkedBooter.runSuitesInProcess(ForkedBooter.java:115)
	at org.apache.maven.surefire.booter.ForkedBooter.main(ForkedBooter.java:75)
</system-err>
  </testcase>
  <testcase classname="testng.UsersTest" name="getDetailsTest" time="0"/>
  <testcase classname="testng.UsersTest" name="getDetailsTest" time="0"/>
  <testcase classname="testng.UsersTest" name="loginQueryTest" time="0.015">
    <failure message="
Expected: &quot;3&quot;
     but: was null" type="java.lang.AssertionError">java.lang.AssertionError: 
Expected: &quot;3&quot;
     but: was null
	at org.hamcrest.MatcherAssert.assertThat(MatcherAssert.java:20)
	at org.hamcrest.MatcherAssert.assertThat(MatcherAssert.java:8)
	at testng.UsersTest.loginQueryTest(UsersTest.java:123)
</failure>
    <system-out>[Valid Normal Login Creds, mike, mike, 3]
[Invalid username, abcd1234, mike, null]
[Invalid password, mike, abcd1234, null]
[Invalid username (too long), abcdefghijklmnopqrstuvwxyz, mike, null]
[Invalid password (too long), mike, abcdefghijklmnopqrstuvwxyz, null]
java.lang.ClassNotFoundException: oracle.jdbc.driver.OracleDriver
</system-out>
    <system-err>java.lang.NullPointerException
	at del.res.dao.UsersDAO.loginQuery(UsersDAO.java:66)
	at del.res.bo.UsersBO.loginQuery(UsersBO.java:29)
	at testng.UsersTest.loginQueryTest(UsersTest.java:121)
	at sun.reflect.NativeMethodAccessorImpl.invoke0(Native Method)
	at sun.reflect.NativeMethodAccessorImpl.invoke(NativeMethodAccessorImpl.java:62)
	at sun.reflect.DelegatingMethodAccessorImpl.invoke(DelegatingMethodAccessorImpl.java:43)
	at java.lang.reflect.Method.invoke(Method.java:498)
	at org.testng.internal.MethodInvocationHelper.invokeMethod(MethodInvocationHelper.java:124)
	at org.testng.internal.Invoker.invokeMethod(Invoker.java:571)
	at org.testng.internal.Invoker.invokeTestMethod(Invoker.java:707)
	at org.testng.internal.Invoker.invokeTestMethods(Invoker.java:979)
	at org.testng.internal.TestMethodWorker.invokeTestMethods(TestMethodWorker.java:125)
	at org.testng.internal.TestMethodWorker.run(TestMethodWorker.java:109)
	at org.testng.TestRunner.privateRun(TestRunner.java:648)
	at org.testng.TestRunner.run(TestRunner.java:505)
	at org.testng.SuiteRunner.runTest(SuiteRunner.java:455)
	at org.testng.SuiteRunner.runSequentially(SuiteRunner.java:450)
	at org.testng.SuiteRunner.privateRun(SuiteRunner.java:415)
	at org.testng.SuiteRunner.run(SuiteRunner.java:364)
	at org.testng.SuiteRunnerWorker.runSuite(SuiteRunnerWorker.java:52)
	at org.testng.SuiteRunnerWorker.run(SuiteRunnerWorker.java:84)
	at org.testng.TestNG.runSuitesSequentially(TestNG.java:1187)
	at org.testng.TestNG.runSuitesLocally(TestNG.java:1116)
	at org.testng.TestNG.runSuites(TestNG.java:1028)
	at org.testng.TestNG.run(TestNG.java:996)
	at org.apache.maven.surefire.testng.TestNGExecutor.run(TestNGExecutor.java:77)
	at org.apache.maven.surefire.testng.TestNGDirectoryTestSuite.executeMulti(TestNGDirectoryTestSuite.java:159)
	at org.apache.maven.surefire.testng.TestNGDirectoryTestSuite.execute(TestNGDirectoryTestSuite.java:99)
	at org.apache.maven.surefire.testng.TestNGProvider.invoke(TestNGProvider.java:106)
	at sun.reflect.NativeMethodAccessorImpl.invoke0(Native Method)
	at sun.reflect.NativeMethodAccessorImpl.invoke(NativeMethodAccessorImpl.java:62)
	at sun.reflect.DelegatingMethodAccessorImpl.invoke(DelegatingMethodAccessorImpl.java:43)
	at java.lang.reflect.Method.invoke(Method.java:498)
	at org.apache.maven.surefire.util.ReflectionUtils.invokeMethodWithArray(ReflectionUtils.java:189)
	at org.apache.maven.surefire.booter.ProviderFactory$ProviderProxy.invoke(ProviderFactory.java:165)
	at org.apache.maven.surefire.booter.ProviderFactory.invokeProvider(ProviderFactory.java:85)
	at org.apache.maven.surefire.booter.ForkedBooter.runSuitesInProcess(ForkedBooter.java:115)
	at org.apache.maven.surefire.booter.ForkedBooter.main(ForkedBooter.java:75)
</system-err>
  </testcase>
  <testcase classname="testng.UsersTest" name="loginQueryTest" time="0"/>
  <testcase classname="testng.UsersTest" name="loginQueryTest" time="0"/>
  <testcase classname="testng.UsersTest" name="loginQueryTest" time="0"/>
  <testcase classname="testng.UsersTest" name="loginQueryTest" time="0"/>
  <testcase classname="testng.UsersTest" name="registerQueryTest" time="0">
    <failure type="java.lang.NullPointerException">java.lang.NullPointerException
	at del.res.dao.UsersDAO.registerQuery(UsersDAO.java:21)
	at del.res.bo.UsersBO.registerQuery(UsersBO.java:16)
	at testng.UsersTest.registerQueryTest(UsersTest.java:62)
</failure>
    <system-out>[Username Exists, mike, true]
[Username Doesn&apos;t Exist, mike9001, false]
[Username Too Long, aaaaaaaaaaaaaaaaaaaaa, false]
java.lang.ClassNotFoundException: oracle.jdbc.driver.OracleDriver
</system-out>
  </testcase>
  <testcase classname="testng.UsersTest" name="registerQueryTest" time="0">
    <failure type="java.lang.NullPointerException">java.lang.NullPointerException
	at del.res.dao.UsersDAO.registerQuery(UsersDAO.java:21)
	at del.res.bo.UsersBO.registerQuery(UsersBO.java:16)
	at testng.UsersTest.registerQueryTest(UsersTest.java:62)
</failure>
    <system-out>java.lang.ClassNotFoundException: oracle.jdbc.driver.OracleDriver
</system-out>
  </testcase>
  <testcase classname="testng.UsersTest" name="registerQueryTest" time="0">
    <failure type="java.lang.NullPointerException">java.lang.NullPointerException
	at del.res.dao.UsersDAO.registerQuery(UsersDAO.java:21)
	at del.res.bo.UsersBO.registerQuery(UsersBO.java:16)
	at testng.UsersTest.registerQueryTest(UsersTest.java:62)
</failure>
    <system-out>java.lang.ClassNotFoundException: oracle.jdbc.driver.OracleDriver
</system-out>
  </testcase>
  <testcase classname="testng.UsersTest" name="updateUserTest" time="0">
    <failure type="java.lang.AssertionError:">java.lang.AssertionError: null
	at org.testng.Assert.fail(Assert.java:96)
	at org.testng.Assert.fail(Assert.java:103)
	at testng.UsersTest.updateUserTest(UsersTest.java:207)
</failure>
    <system-out>[Valid credentials; user updated, test, Mike, Mike, 23 Mars Place, 1234567890, mike@mike.com, 2, 1]
[Password too long, aaaaaaaaaaaaaaaaaaaaa, Mike, Mike, 23 Mars Place, 1234567890, mike@mike.com, 2, 0]
[Firstname too long, test, aaaaaaaaaaaaaaaaaaaaa, Mike, 23 Mars Place, 1234567890, mike@mike.com, 2, 0]
[Lastname too long, test, Mike, aaaaaaaaaaaaaaaaaaaaa, 23 Mars Place, 1234567890, mike@mike.com, 2, 0]
[Address too long, test, Mike, Mike, aaaaaaaaaaaaaaaaaaaaaaaaaaaaaaaaaaaaaaaaaaaaaaaaaaaaaaaaaaaaaaaaaaaaaaaaaaaaaaaaaaaaaaaaaaaaaaaaaaaaaaaaaaaaaaaaaaaaaaaaaaaaaaaaaaaaaaaaaaaaaaaaaaaaaaaaaaaaaaaaaaaaaaaaaaaaaaaaaaaaaaaaaaaaaaaaaaaaaaaaaaaaaaaaaaaaaaaaaa, 1234567890, mike@mike.com, 2, 0]
[Phone non-numeric, test, Mike, Mike, 23 Mars Place, abcdefghij, mike@mike.com, 2, 0]
[Email too long, test, Mike, Mike, 23 Mars Place, 23 Mars Place, aaaaaaaaaaaaaaaaaaaaa@aaaaaaaaaaaaaaaaaaaaa.com, 2, 0]
java.lang.ClassNotFoundException: oracle.jdbc.driver.OracleDriver
</system-out>
    <system-err>java.lang.NullPointerException
	at del.res.dao.UsersDAO.getDetails(UsersDAO.java:89)
	at del.res.bo.UsersBO.getDetails(UsersBO.java:37)
	at testng.UsersTest.updateUserTest(UsersTest.java:187)
	at sun.reflect.NativeMethodAccessorImpl.invoke0(Native Method)
	at sun.reflect.NativeMethodAccessorImpl.invoke(NativeMethodAccessorImpl.java:62)
	at sun.reflect.DelegatingMethodAccessorImpl.invoke(DelegatingMethodAccessorImpl.java:43)
	at java.lang.reflect.Method.invoke(Method.java:498)
	at org.testng.internal.MethodInvocationHelper.invokeMethod(MethodInvocationHelper.java:124)
	at org.testng.internal.Invoker.invokeMethod(Invoker.java:571)
	at org.testng.internal.Invoker.invokeTestMethod(Invoker.java:707)
	at org.testng.internal.Invoker.invokeTestMethods(Invoker.java:979)
	at org.testng.internal.TestMethodWorker.invokeTestMethods(TestMethodWorker.java:125)
	at org.testng.internal.TestMethodWorker.run(TestMethodWorker.java:109)
	at org.testng.TestRunner.privateRun(TestRunner.java:648)
	at org.testng.TestRunner.run(TestRunner.java:505)
	at org.testng.SuiteRunner.runTest(SuiteRunner.java:455)
	at org.testng.SuiteRunner.runSequentially(SuiteRunner.java:450)
	at org.testng.SuiteRunner.privateRun(SuiteRunner.java:415)
	at org.testng.SuiteRunner.run(SuiteRunner.java:364)
	at org.testng.SuiteRunnerWorker.runSuite(SuiteRunnerWorker.java:52)
	at org.testng.SuiteRunnerWorker.run(SuiteRunnerWorker.java:84)
	at org.testng.TestNG.runSuitesSequentially(TestNG.java:1187)
	at org.testng.TestNG.runSuitesLocally(TestNG.java:1116)
	at org.testng.TestNG.runSuites(TestNG.java:1028)
	at org.testng.TestNG.run(TestNG.java:996)
	at org.apache.maven.surefire.testng.TestNGExecutor.run(TestNGExecutor.java:77)
	at org.apache.maven.surefire.testng.TestNGDirectoryTestSuite.executeMulti(TestNGDirectoryTestSuite.java:159)
	at org.apache.maven.surefire.testng.TestNGDirectoryTestSuite.execute(TestNGDirectoryTestSuite.java:99)
	at org.apache.maven.surefire.testng.TestNGProvider.invoke(TestNGProvider.java:106)
	at sun.reflect.NativeMethodAccessorImpl.invoke0(Native Method)
	at sun.reflect.NativeMethodAccessorImpl.invoke(NativeMethodAccessorImpl.java:62)
	at sun.reflect.DelegatingMethodAccessorImpl.invoke(DelegatingMethodAccessorImpl.java:43)
	at java.lang.reflect.Method.invoke(Method.java:498)
	at org.apache.maven.surefire.util.ReflectionUtils.invokeMethodWithArray(ReflectionUtils.java:189)
	at org.apache.maven.surefire.booter.ProviderFactory$ProviderProxy.invoke(ProviderFactory.java:165)
	at org.apache.maven.surefire.booter.ProviderFactory.invokeProvider(ProviderFactory.java:85)
	at org.apache.maven.surefire.booter.ForkedBooter.runSuitesInProcess(ForkedBooter.java:115)
	at org.apache.maven.surefire.booter.ForkedBooter.main(ForkedBooter.java:75)
</system-err>
  </testcase>
  <testcase classname="testng.UsersTest" name="updateUserTest" time="0"/>
  <testcase classname="testng.UsersTest" name="updateUserTest" time="0"/>
  <testcase classname="testng.UsersTest" name="updateUserTest" time="0.016"/>
  <testcase classname="testng.UsersTest" name="updateUserTest" time="0"/>
  <testcase classname="testng.UsersTest" name="updateUserTest" time="0"/>
  <testcase classname="testng.UsersTest" name="updateUserTest" time="0"/>
</testsuite>