<?xml version="1.0" encoding="UTF-8"?>
<!-- Generated by org.testng.reporters.JUnitReportReporter -->
<testsuite skipped="0" hostname="DESKTOP-DH4500R" name="testng.testingTestNG" tests="1" failures="0" timestamp="21 Dec 2017 18:53:56 GMT" time="0.007" errors="0">
  <testcase name="secondTest" time="0.007" classname="testng.testingTestNG"/>
</testsuite> <!-- testng.testingTestNG -->
