<?xml version="1.0" encoding="UTF-8"?>
<!-- Generated by org.testng.reporters.JUnitReportReporter -->
<testsuite skipped="0" hostname="DESKTOP-DH4500R" name="testng.StoresTest" tests="3" failures="0" timestamp="03 Jan 2018 20:16:56 GMT" time="0.736" errors="0">
  <testcase name="createStoreTest" time="0.589" classname="testng.StoresTest"/>
  <testcase name="updateStoreTest" time="0.075" classname="testng.StoresTest"/>
  <testcase name="getAllStoresTest" time="0.072" classname="testng.StoresTest"/>
</testsuite> <!-- testng.StoresTest -->
