<?xml version="1.0" encoding="UTF-8"?>
<!-- Generated by org.testng.reporters.JUnitReportReporter -->
<testsuite skipped="0" hostname="DESKTOP-DH4500R" name="testng.ReviewsTest" tests="4" failures="0" timestamp="03 Jan 2018 20:16:56 GMT" time="0.133" errors="0">
  <testcase name="getPastReviewsTest" time="0.064" classname="testng.ReviewsTest"/>
  <testcase name="getItemInfoTest" time="0.032" classname="testng.ReviewsTest"/>
  <testcase name="submitReviewTest" time="0.015" classname="testng.ReviewsTest"/>
  <testcase name="getReviewsByUserTest" time="0.022" classname="testng.ReviewsTest"/>
</testsuite> <!-- testng.ReviewsTest -->
