<?xml version="1.0" encoding="UTF-8"?>
<!-- Generated by org.testng.reporters.JUnitReportReporter -->
<testsuite skipped="0" hostname="DESKTOP-DH4500R" name="testng.OrdersTest" tests="9" failures="0" timestamp="03 Jan 2018 20:16:56 GMT" time="0.245" errors="0">
  <testcase name="addItemToOrderTest" time="0.022" classname="testng.OrdersTest"/>
  <testcase name="getAllOrdersTest" time="0.020" classname="testng.OrdersTest"/>
  <testcase name="getOrdersByUserTest" time="0.015" classname="testng.OrdersTest"/>
  <testcase name="addItemToOrderTest" time="0.015" classname="testng.OrdersTest"/>
  <testcase name="addItemToOrderTest" time="0.031" classname="testng.OrdersTest"/>
  <testcase name="createOrderTest" time="0.047" classname="testng.OrdersTest"/>
  <testcase name="getOrdersByUserTest" time="0.016" classname="testng.OrdersTest"/>
  <testcase name="addItemToOrderTest" time="0.016" classname="testng.OrdersTest"/>
  <testcase name="getOrdersByUserTest" time="0.063" classname="testng.OrdersTest"/>
</testsuite> <!-- testng.OrdersTest -->
