<?xml version="1.0" encoding="UTF-8"?>
<!-- Generated by org.testng.reporters.JUnitReportReporter -->
<testsuite skipped="0" hostname="DESKTOP-DH4500R" name="testng.OrdersTest" tests="9" failures="0" timestamp="16 Jan 2018 15:32:20 GMT" time="0.295" errors="0">
  <testcase name="createOrderTest" time="0.028" classname="testng.OrdersTest"/>
  <testcase name="addItemToOrderTest" time="0.029" classname="testng.OrdersTest"/>
  <testcase name="getOrdersByUserTest" time="0.024" classname="testng.OrdersTest"/>
  <testcase name="getOrdersByUserTest" time="0.024" classname="testng.OrdersTest"/>
  <testcase name="getAllOrdersTest" time="0.029" classname="testng.OrdersTest"/>
  <testcase name="getOrdersByUserTest" time="0.062" classname="testng.OrdersTest"/>
  <testcase name="addItemToOrderTest" time="0.026" classname="testng.OrdersTest"/>
  <testcase name="addItemToOrderTest" time="0.049" classname="testng.OrdersTest"/>
  <testcase name="addItemToOrderTest" time="0.024" classname="testng.OrdersTest"/>
</testsuite> <!-- testng.OrdersTest -->
