<?xml version="1.0" encoding="UTF-8"?>
<!-- Generated by org.testng.reporters.JUnitReportReporter -->
<testsuite skipped="0" hostname="DESKTOP-DH4500R" name="testng.StoresTest" tests="3" failures="0" timestamp="16 Jan 2018 15:02:57 GMT" time="0.185" errors="0">
  <testcase name="updateStoreTest" time="0.054" classname="testng.StoresTest"/>
  <testcase name="getAllStoresTest" time="0.082" classname="testng.StoresTest"/>
  <testcase name="createStoreTest" time="0.049" classname="testng.StoresTest"/>
</testsuite> <!-- testng.StoresTest -->
