<?xml version="1.0" encoding="UTF-8"?>
<!-- Generated by org.testng.reporters.JUnitReportReporter -->
<testsuite skipped="0" hostname="DESKTOP-DH4500R" name="testng.ItemsTest" tests="12" failures="0" timestamp="16 Jan 2018 15:02:57 GMT" time="0.958" errors="0">
  <testcase name="addItemTest" time="0.047" classname="testng.ItemsTest"/>
  <testcase name="updateItemTest" time="0.069" classname="testng.ItemsTest"/>
  <testcase name="addItemTest" time="0.022" classname="testng.ItemsTest"/>
  <testcase name="getTotalsTest" time="0.062" classname="testng.ItemsTest"/>
  <testcase name="addItemTest" time="0.017" classname="testng.ItemsTest"/>
  <testcase name="getTotalsTest" time="0.031" classname="testng.ItemsTest"/>
  <testcase name="getTotalsTest" time="0.031" classname="testng.ItemsTest"/>
  <testcase name="getItemsCountTest" time="0.031" classname="testng.ItemsTest"/>
  <testcase name="getAllItemsTest" time="0.019" classname="testng.ItemsTest"/>
  <testcase name="updateItemTest" time="0.046" classname="testng.ItemsTest"/>
  <testcase name="getAllActiveItemsTest" time="0.525" classname="testng.ItemsTest"/>
  <testcase name="updateItemTest" time="0.058" classname="testng.ItemsTest"/>
</testsuite> <!-- testng.ItemsTest -->
