<?xml version="1.0" encoding="UTF-8"?>
<!-- Generated by org.testng.reporters.JUnitReportReporter -->
<testsuite skipped="0" hostname="DESKTOP-DH4500R" name="testng.UsersTest" tests="27" failures="0" timestamp="16 Jan 2018 15:02:57 GMT" time="1.187" errors="0">
  <testcase name="loginQueryTest" time="0.038" classname="testng.UsersTest"/>
  <testcase name="registerQueryTest" time="0.017" classname="testng.UsersTest"/>
  <testcase name="getDetailsTest" time="0.031" classname="testng.UsersTest"/>
  <testcase name="getDetailsTest" time="0.031" classname="testng.UsersTest"/>
  <testcase name="createUserTest" time="0.097" classname="testng.UsersTest"/>
  <testcase name="createUserTest" time="0.050" classname="testng.UsersTest"/>
  <testcase name="loginQueryTest" time="0.013" classname="testng.UsersTest"/>
  <testcase name="updateUserTest" time="0.032" classname="testng.UsersTest"/>
  <testcase name="registerQueryTest" time="0.052" classname="testng.UsersTest"/>
  <testcase name="updateUserTest" time="0.044" classname="testng.UsersTest"/>
  <testcase name="updateUserTest" time="0.054" classname="testng.UsersTest"/>
  <testcase name="updateUserTest" time="0.045" classname="testng.UsersTest"/>
  <testcase name="updateUserTest" time="0.058" classname="testng.UsersTest"/>
  <testcase name="registerQueryTest" time="0.022" classname="testng.UsersTest"/>
  <testcase name="createUserTest" time="0.055" classname="testng.UsersTest"/>
  <testcase name="updateUserTest" time="0.112" classname="testng.UsersTest"/>
  <testcase name="createUserTest" time="0.046" classname="testng.UsersTest"/>
  <testcase name="createUserTest" time="0.035" classname="testng.UsersTest"/>
  <testcase name="createUserTest" time="0.060" classname="testng.UsersTest"/>
  <testcase name="updateUserTest" time="0.043" classname="testng.UsersTest"/>
  <testcase name="loginQueryTest" time="0.020" classname="testng.UsersTest"/>
  <testcase name="createUserTest" time="0.048" classname="testng.UsersTest"/>
  <testcase name="createUserTest" time="0.062" classname="testng.UsersTest"/>
  <testcase name="loginQueryTest" time="0.023" classname="testng.UsersTest"/>
  <testcase name="createUserTest" time="0.043" classname="testng.UsersTest"/>
  <testcase name="loginQueryTest" time="0.016" classname="testng.UsersTest"/>
  <testcase name="getDetailsTest" time="0.040" classname="testng.UsersTest"/>
</testsuite> <!-- testng.UsersTest -->
