<?xml version="1.0" encoding="UTF-8"?>
<!-- Generated by org.testng.reporters.JUnitReportReporter -->
<testsuite skipped="0" hostname="DESKTOP-DH4500R" name="testng.ItemsTest" tests="12" failures="0" timestamp="16 Jan 2018 15:32:20 GMT" time="1.006" errors="0">
  <testcase name="getTotalsTest" time="0.026" classname="testng.ItemsTest"/>
  <testcase name="addItemTest" time="0.047" classname="testng.ItemsTest"/>
  <testcase name="updateItemTest" time="0.092" classname="testng.ItemsTest"/>
  <testcase name="addItemTest" time="0.021" classname="testng.ItemsTest"/>
  <testcase name="getTotalsTest" time="0.032" classname="testng.ItemsTest"/>
  <testcase name="getTotalsTest" time="0.061" classname="testng.ItemsTest"/>
  <testcase name="addItemTest" time="0.023" classname="testng.ItemsTest"/>
  <testcase name="getItemsCountTest" time="0.033" classname="testng.ItemsTest"/>
  <testcase name="getAllItemsTest" time="0.023" classname="testng.ItemsTest"/>
  <testcase name="updateItemTest" time="0.058" classname="testng.ItemsTest"/>
  <testcase name="getAllActiveItemsTest" time="0.536" classname="testng.ItemsTest"/>
  <testcase name="updateItemTest" time="0.054" classname="testng.ItemsTest"/>
</testsuite> <!-- testng.ItemsTest -->
