<?xml version="1.0" encoding="UTF-8"?>
<!-- Generated by org.testng.reporters.JUnitReportReporter -->
<testsuite skipped="0" hostname="DESKTOP-DH4500R" name="selenium.LoginPageTest" tests="7" failures="0" timestamp="08 Jan 2018 19:46:01 GMT" time="30.112" errors="0">
  <testcase name="invalidField" time="4.068" classname="selenium.LoginPageTest"/>
  <testcase name="loginAsAdmin" time="4.443" classname="selenium.LoginPageTest"/>
  <testcase name="invalidField" time="4.165" classname="selenium.LoginPageTest"/>
  <testcase name="invalidField" time="4.288" classname="selenium.LoginPageTest"/>
  <testcase name="login" time="5.003" classname="selenium.LoginPageTest"/>
  <testcase name="login" time="4.091" classname="selenium.LoginPageTest"/>
  <testcase name="invalidField" time="4.054" classname="selenium.LoginPageTest"/>
</testsuite> <!-- selenium.LoginPageTest -->
