<?xml version="1.0" encoding="UTF-8"?>
<!-- Generated by org.testng.reporters.JUnitReportReporter -->
<testsuite skipped="0" hostname="DESKTOP-DH4500R" name="testng.UsersTest" tests="27" failures="0" timestamp="16 Jan 2018 15:32:20 GMT" time="1.089" errors="0">
  <testcase name="loginQueryTest" time="0.025" classname="testng.UsersTest"/>
  <testcase name="registerQueryTest" time="0.022" classname="testng.UsersTest"/>
  <testcase name="getDetailsTest" time="0.024" classname="testng.UsersTest"/>
  <testcase name="getDetailsTest" time="0.026" classname="testng.UsersTest"/>
  <testcase name="createUserTest" time="0.072" classname="testng.UsersTest"/>
  <testcase name="createUserTest" time="0.054" classname="testng.UsersTest"/>
  <testcase name="loginQueryTest" time="0.023" classname="testng.UsersTest"/>
  <testcase name="updateUserTest" time="0.050" classname="testng.UsersTest"/>
  <testcase name="registerQueryTest" time="0.021" classname="testng.UsersTest"/>
  <testcase name="updateUserTest" time="0.047" classname="testng.UsersTest"/>
  <testcase name="updateUserTest" time="0.068" classname="testng.UsersTest"/>
  <testcase name="updateUserTest" time="0.047" classname="testng.UsersTest"/>
  <testcase name="updateUserTest" time="0.049" classname="testng.UsersTest"/>
  <testcase name="registerQueryTest" time="0.022" classname="testng.UsersTest"/>
  <testcase name="createUserTest" time="0.047" classname="testng.UsersTest"/>
  <testcase name="updateUserTest" time="0.046" classname="testng.UsersTest"/>
  <testcase name="createUserTest" time="0.051" classname="testng.UsersTest"/>
  <testcase name="createUserTest" time="0.047" classname="testng.UsersTest"/>
  <testcase name="createUserTest" time="0.046" classname="testng.UsersTest"/>
  <testcase name="updateUserTest" time="0.047" classname="testng.UsersTest"/>
  <testcase name="loginQueryTest" time="0.028" classname="testng.UsersTest"/>
  <testcase name="createUserTest" time="0.049" classname="testng.UsersTest"/>
  <testcase name="createUserTest" time="0.046" classname="testng.UsersTest"/>
  <testcase name="loginQueryTest" time="0.026" classname="testng.UsersTest"/>
  <testcase name="createUserTest" time="0.049" classname="testng.UsersTest"/>
  <testcase name="loginQueryTest" time="0.034" classname="testng.UsersTest"/>
  <testcase name="getDetailsTest" time="0.023" classname="testng.UsersTest"/>
</testsuite> <!-- testng.UsersTest -->
