<?xml version="1.0" encoding="UTF-8"?>
<!-- Generated by org.testng.reporters.JUnitReportReporter -->
<testsuite skipped="0" hostname="DESKTOP-DH4500R" name="junit.OrderModule" tests="14" failures="0" timestamp="21 Dec 2017 19:06:59 GMT" time="12.546" errors="0">
  <testcase name="test[CASE2 - Invalid cc number (special characters) | Expected: false | Parameters: 123$56.890,123,12345]" time="1.626" classname="junit.OrderModule"/>
  <testcase name="test[CASE4 - Invalid sec number (special characters) | Expected: false | Parameters: 1234567890,!23,12345]" time="1.673" classname="junit.OrderModule"/>
  <testcase name="test[CASE3 - Invalid sec number (letters) | Expected: false | Parameters: 1234567890,a23,12345]" time="1.648" classname="junit.OrderModule"/>
  <testcase name="test[CASE5 - Invalid zipcode (letters) | Expected: false | Parameters: 1234567890,123,123d5]" time="0.192" classname="junit.OrderModule"/>
  <testcase name="test[CASE6 - Invalid zipcode (special characters) | Expected: false | Parameters: 1234567890,123,!@.45]" time="1.718" classname="junit.OrderModule"/>
  <testcase name="test[CASE0 - Valid info | Expected: true | Parameters: 1234567890,123,12345]" time="0.048" classname="junit.OrderModule"/>
  <testcase name="test[CASE1 - Invalid cc number (letters) | Expected: false | Parameters: a234567890,123,12345]" time="1.604" classname="junit.OrderModule"/>
  <testcase name="test[CASE3 - Invalid sec number (letters) | Expected: false | Parameters: 1234567890,a23,12345]" time="0.148" classname="junit.OrderModule"/>
  <testcase name="test[CASE2 - Invalid cc number (special characters) | Expected: false | Parameters: 123$56.890,123,12345]" time="0.126" classname="junit.OrderModule"/>
  <testcase name="test[CASE0 - Valid info | Expected: true | Parameters: 1234567890,123,12345]" time="1.580" classname="junit.OrderModule"/>
  <testcase name="test[CASE4 - Invalid sec number (special characters) | Expected: false | Parameters: 1234567890,!23,12345]" time="0.170" classname="junit.OrderModule"/>
  <testcase name="test[CASE5 - Invalid zipcode (letters) | Expected: false | Parameters: 1234567890,123,123d5]" time="1.695" classname="junit.OrderModule"/>
  <testcase name="test[CASE1 - Invalid cc number (letters) | Expected: false | Parameters: a234567890,123,12345]" time="0.102" classname="junit.OrderModule"/>
  <testcase name="test[CASE6 - Invalid zipcode (special characters) | Expected: false | Parameters: 1234567890,123,!@.45]" time="0.216" classname="junit.OrderModule"/>
</testsuite> <!-- junit.OrderModule -->
