<?xml version="1.0" encoding="UTF-8"?>
<!-- Generated by org.testng.reporters.JUnitReportReporter -->
<testsuite skipped="0" hostname="DESKTOP-DH4500R" name="testng.ItemsTest" tests="14" failures="0" timestamp="03 Jan 2018 20:16:56 GMT" time="0.438" errors="0">
  <testcase name="getAllActiveItemsTest" time="0.023" classname="testng.ItemsTest"/>
  <testcase name="updateItemTest" time="0.053" classname="testng.ItemsTest"/>
  <testcase name="getCartItemsTest" time="0.037" classname="testng.ItemsTest"/>
  <testcase name="getTotalsTest" time="0.032" classname="testng.ItemsTest"/>
  <testcase name="getCartItemsTest" time="0.016" classname="testng.ItemsTest"/>
  <testcase name="addItemTest" time="0.015" classname="testng.ItemsTest"/>
  <testcase name="getItemsCountTest" time="0.015" classname="testng.ItemsTest"/>
  <testcase name="getTotalsTest" time="0.031" classname="testng.ItemsTest"/>
  <testcase name="updateItemTest" time="0.034" classname="testng.ItemsTest"/>
  <testcase name="addItemTest" time="0.031" classname="testng.ItemsTest"/>
  <testcase name="getTotalsTest" time="0.016" classname="testng.ItemsTest"/>
  <testcase name="updateItemTest" time="0.066" classname="testng.ItemsTest"/>
  <testcase name="getAllItemsTest" time="0.031" classname="testng.ItemsTest"/>
  <testcase name="addItemTest" time="0.038" classname="testng.ItemsTest"/>
</testsuite> <!-- testng.ItemsTest -->
