<?xml version="1.0" encoding="UTF-8"?>
<!-- Generated by org.testng.reporters.JUnitReportReporter -->
<testsuite skipped="0" hostname="DESKTOP-DH4500R" name="testng.ReceiptsTest" tests="4" failures="0" timestamp="03 Jan 2018 20:16:56 GMT" time="0.099" errors="0">
  <testcase name="getReceiptSummaryTest" time="0.021" classname="testng.ReceiptsTest"/>
  <testcase name="getReceiptItemsTest" time="0.031" classname="testng.ReceiptsTest"/>
  <testcase name="validateUserTest" time="0.029" classname="testng.ReceiptsTest"/>
  <testcase name="getReceiptItemsTest" time="0.018" classname="testng.ReceiptsTest"/>
</testsuite> <!-- testng.ReceiptsTest -->
