<?xml version="1.0" encoding="UTF-8"?>
<!-- Generated by org.testng.reporters.JUnitReportReporter -->
<testsuite skipped="0" hostname="DESKTOP-DH4500R" name="testng.ReceiptsTest" tests="4" failures="0" timestamp="16 Jan 2018 15:02:57 GMT" time="0.100" errors="0">
  <testcase name="getReceiptItemsTest" time="0.016" classname="testng.ReceiptsTest"/>
  <testcase name="getReceiptItemsTest" time="0.031" classname="testng.ReceiptsTest"/>
  <testcase name="validateUserTest" time="0.022" classname="testng.ReceiptsTest"/>
  <testcase name="getReceiptSummaryTest" time="0.031" classname="testng.ReceiptsTest"/>
</testsuite> <!-- testng.ReceiptsTest -->
