<?xml version="1.0" encoding="UTF-8"?>
<!-- Generated by org.testng.reporters.JUnitReportReporter -->
<testsuite skipped="0" hostname="DESKTOP-DH4500R" name="testng.ReviewsTest" tests="4" failures="0" timestamp="16 Jan 2018 15:02:57 GMT" time="0.188" errors="0">
  <testcase name="submitReviewTest" time="0.028" classname="testng.ReviewsTest"/>
  <testcase name="getReviewsByUserTest" time="0.037" classname="testng.ReviewsTest"/>
  <testcase name="getPastReviewsTest" time="0.092" classname="testng.ReviewsTest"/>
  <testcase name="getItemInfoTest" time="0.031" classname="testng.ReviewsTest"/>
</testsuite> <!-- testng.ReviewsTest -->
