<?xml version="1.0" encoding="UTF-8"?>
<!-- Generated by org.testng.reporters.JUnitReportReporter -->
<testsuite skipped="0" hostname="DESKTOP-DH4500R" name="testng.StoresTest" tests="3" failures="0" timestamp="16 Jan 2018 15:32:20 GMT" time="0.157" errors="0">
  <testcase name="updateStoreTest" time="0.079" classname="testng.StoresTest"/>
  <testcase name="getAllStoresTest" time="0.024" classname="testng.StoresTest"/>
  <testcase name="createStoreTest" time="0.054" classname="testng.StoresTest"/>
</testsuite> <!-- testng.StoresTest -->
