<?xml version="1.0" encoding="UTF-8"?>
<!-- Generated by org.testng.reporters.JUnitReportReporter -->
<testsuite skipped="0" hostname="DESKTOP-DH4500R" name="testng.UsersTest" tests="27" failures="0" timestamp="03 Jan 2018 20:16:56 GMT" time="1.083" errors="0">
  <testcase name="updateUserTest" time="0.039" classname="testng.UsersTest"/>
  <testcase name="updateUserTest" time="0.045" classname="testng.UsersTest"/>
  <testcase name="getDetailsTest" time="0.021" classname="testng.UsersTest"/>
  <testcase name="loginQueryTest" time="0.048" classname="testng.UsersTest"/>
  <testcase name="getDetailsTest" time="0.016" classname="testng.UsersTest"/>
  <testcase name="createUserTest" time="0.050" classname="testng.UsersTest"/>
  <testcase name="registerQueryTest" time="0.023" classname="testng.UsersTest"/>
  <testcase name="createUserTest" time="0.053" classname="testng.UsersTest"/>
  <testcase name="createUserTest" time="0.032" classname="testng.UsersTest"/>
  <testcase name="createUserTest" time="0.047" classname="testng.UsersTest"/>
  <testcase name="updateUserTest" time="0.054" classname="testng.UsersTest"/>
  <testcase name="loginQueryTest" time="0.016" classname="testng.UsersTest"/>
  <testcase name="createUserTest" time="0.066" classname="testng.UsersTest"/>
  <testcase name="createUserTest" time="0.098" classname="testng.UsersTest"/>
  <testcase name="registerQueryTest" time="0.015" classname="testng.UsersTest"/>
  <testcase name="updateUserTest" time="0.055" classname="testng.UsersTest"/>
  <testcase name="loginQueryTest" time="0.036" classname="testng.UsersTest"/>
  <testcase name="registerQueryTest" time="0.023" classname="testng.UsersTest"/>
  <testcase name="createUserTest" time="0.047" classname="testng.UsersTest"/>
  <testcase name="createUserTest" time="0.037" classname="testng.UsersTest"/>
  <testcase name="getDetailsTest" time="0.032" classname="testng.UsersTest"/>
  <testcase name="loginQueryTest" time="0.016" classname="testng.UsersTest"/>
  <testcase name="updateUserTest" time="0.036" classname="testng.UsersTest"/>
  <testcase name="updateUserTest" time="0.047" classname="testng.UsersTest"/>
  <testcase name="loginQueryTest" time="0.031" classname="testng.UsersTest"/>
  <testcase name="createUserTest" time="0.069" classname="testng.UsersTest"/>
  <testcase name="updateUserTest" time="0.031" classname="testng.UsersTest"/>
</testsuite> <!-- testng.UsersTest -->
