<?xml version="1.0" encoding="UTF-8"?>
<!-- Generated by org.testng.reporters.JUnitReportReporter -->
<testsuite skipped="0" hostname="DESKTOP-DH4500R" name="testng.OrdersTest" tests="9" failures="0" timestamp="16 Jan 2018 15:02:57 GMT" time="0.275" errors="0">
  <testcase name="createOrderTest" time="0.031" classname="testng.OrdersTest"/>
  <testcase name="addItemToOrderTest" time="0.016" classname="testng.OrdersTest"/>
  <testcase name="getOrdersByUserTest" time="0.016" classname="testng.OrdersTest"/>
  <testcase name="getOrdersByUserTest" time="0.035" classname="testng.OrdersTest"/>
  <testcase name="getAllOrdersTest" time="0.025" classname="testng.OrdersTest"/>
  <testcase name="getOrdersByUserTest" time="0.019" classname="testng.OrdersTest"/>
  <testcase name="addItemToOrderTest" time="0.051" classname="testng.OrdersTest"/>
  <testcase name="addItemToOrderTest" time="0.051" classname="testng.OrdersTest"/>
  <testcase name="addItemToOrderTest" time="0.031" classname="testng.OrdersTest"/>
</testsuite> <!-- testng.OrdersTest -->
