<?xml version="1.0" encoding="UTF-8"?>
<!-- Generated by org.testng.reporters.JUnitReportReporter -->
<testsuite skipped="0" hostname="DESKTOP-DH4500R" name="testng.ReviewsTest" tests="4" failures="0" timestamp="16 Jan 2018 15:32:20 GMT" time="0.144" errors="0">
  <testcase name="submitReviewTest" time="0.025" classname="testng.ReviewsTest"/>
  <testcase name="getReviewsByUserTest" time="0.040" classname="testng.ReviewsTest"/>
  <testcase name="getPastReviewsTest" time="0.052" classname="testng.ReviewsTest"/>
  <testcase name="getItemInfoTest" time="0.027" classname="testng.ReviewsTest"/>
</testsuite> <!-- testng.ReviewsTest -->
