<?xml version="1.0" encoding="UTF-8"?>
<!-- Generated by org.testng.reporters.JUnitReportReporter -->
<testsuite skipped="40" hostname="DESKTOP-DH4500R" name="junit.ReviewsModule" tests="60" failures="0" timestamp="21 Dec 2017 19:06:59 GMT" time="15.516" errors="0">
  <testcase name="GETREVIEW[CASE1 - Getting Item; ID empty | Expected: FALSE | Parameters: ,,]" time="0.028" classname="junit.ReviewsModule">
    <skipped/>
  </testcase> <!-- GETREVIEW[CASE1 - Getting Item; ID empty | Expected: FALSE | Parameters: ,,] -->
  <testcase name="GETITEM[CASE9 - Getting Reviews; ID too long | Expected: FALSE | Parameters: 111111111111111111111111111111111111111111111111111111111111111111111111111111111111111111111111111111111111111111111111,,]" time="0.246" classname="junit.ReviewsModule">
    <skipped/>
  </testcase> <!-- GETITEM[CASE9 - Getting Reviews; ID too long | Expected: FALSE | Parameters: 111111111111111111111111111111111111111111111111111111111111111111111111111111111111111111111111111111111111111111111111,,] -->
  <testcase name="GETITEM[CASE5 - Getting Reviews; ID valid | Expected: TRUE | Parameters: 1,,]" time="0.147" classname="junit.ReviewsModule">
    <skipped/>
  </testcase> <!-- GETITEM[CASE5 - Getting Reviews; ID valid | Expected: TRUE | Parameters: 1,,] -->
  <testcase name="SUBMITREVIEW[CASE7 - Getting Reviews; ID doesn’t exist | Expected: FALSE | Parameters: 777,,]" time="0.197" classname="junit.ReviewsModule">
    <skipped/>
  </testcase> <!-- SUBMITREVIEW[CASE7 - Getting Reviews; ID doesn’t exist | Expected: FALSE | Parameters: 777,,] -->
  <testcase name="GETREVIEW[CASE14 - Submitting Reviews; itemID too long | Expected: FALSE | Parameters: 111111111111111111111111111111111111111111111111111111111111111111111111111111111111111111111111111111111111111111111111,1,very good]" time="0.363" classname="junit.ReviewsModule">
    <skipped/>
  </testcase> <!-- GETREVIEW[CASE14 - Submitting Reviews; itemID too long | Expected: FALSE | Parameters: 111111111111111111111111111111111111111111111111111111111111111111111111111111111111111111111111111111111111111111111111,1,very good] -->
  <testcase name="GETITEM[CASE1 - Getting Item; ID empty | Expected: FALSE | Parameters: ,,]" time="0.052" classname="junit.ReviewsModule"/>
  <testcase name="SUBMITREVIEW[CASE1 - Getting Item; ID empty | Expected: FALSE | Parameters: ,,]" time="0.029" classname="junit.ReviewsModule">
    <skipped/>
  </testcase> <!-- SUBMITREVIEW[CASE1 - Getting Item; ID empty | Expected: FALSE | Parameters: ,,] -->
  <testcase name="GETREVIEW[CASE6 - Getting Reviews; ID empty | Expected: FALSE | Parameters: ,,]" time="0.170" classname="junit.ReviewsModule"/>
  <testcase name="GETITEM[CASE2 - Getting Item; ID doesn’t exist | Expected: FALSE | Parameters: 777,,]" time="0.075" classname="junit.ReviewsModule"/>
  <testcase name="SUBMITREVIEW[CASE6 - Getting Reviews; ID empty | Expected: FALSE | Parameters: ,,]" time="0.170" classname="junit.ReviewsModule">
    <skipped/>
  </testcase> <!-- SUBMITREVIEW[CASE6 - Getting Reviews; ID empty | Expected: FALSE | Parameters: ,,] -->
  <testcase name="GETREVIEW[CASE17 - Submitting Reviews; userID non-numeric | Expected: FALSE | Parameters: 1,abc,very good]" time="0.434" classname="junit.ReviewsModule">
    <skipped/>
  </testcase> <!-- GETREVIEW[CASE17 - Submitting Reviews; userID non-numeric | Expected: FALSE | Parameters: 1,abc,very good] -->
  <testcase name="GETREVIEW[CASE3 - Getting Item; ID non-numeric | Expected: FALSE | Parameters: abc,,]" time="0.076" classname="junit.ReviewsModule">
    <skipped/>
  </testcase> <!-- GETREVIEW[CASE3 - Getting Item; ID non-numeric | Expected: FALSE | Parameters: abc,,] -->
  <testcase name="GETREVIEW[CASE0 - Getting Item; ID valid | Expected: TRUE | Parameters: 1,,]" time="0.004" classname="junit.ReviewsModule">
    <skipped/>
  </testcase> <!-- GETREVIEW[CASE0 - Getting Item; ID valid | Expected: TRUE | Parameters: 1,,] -->
  <testcase name="SUBMITREVIEW[CASE13 - Submitting Reviews; itemID non-numeric | Expected: FALSE | Parameters: abc,1,very good]" time="0.362" classname="junit.ReviewsModule"/>
  <testcase name="GETITEM[CASE18 - Submitting Reviews; userID too long | Expected: FALSE | Parameters: 1,111111111111111111111111111111111111111111111111111111111111111111111111111111111111111111111111111111111111111111111111,very good]" time="0.479" classname="junit.ReviewsModule">
    <skipped/>
  </testcase> <!-- GETITEM[CASE18 - Submitting Reviews; userID too long | Expected: FALSE | Parameters: 1,111111111111111111111111111111111111111111111111111111111111111111111111111111111111111111111111111111111111111111111111,very good] -->
  <testcase name="SUBMITREVIEW[CASE19 - Submitting Reviews; text too long | Expected: FALSE | Parameters: 1,1,very goodvery goodvery goodvery goodvery goodvery goodvery goodvery goodvery goodvery goodvery goodvery goodvery goodvery goodvery goodvery goodvery goodvery goodvery goodvery goodvery goodvery goodvery goodvery goodvery goodvery goodvery goodvery goodvery goodvery goodvery goodvery goodvery goodvery goodvery goodvery goodvery goodvery goodvery goodvery goodvery goodvery goodvery goodvery goodvery goodvery goodvery goodvery goodvery goodvery goodvery goodvery goodvery goodvery goodvery goodvery good]" time="0.505" classname="junit.ReviewsModule"/>
  <testcase name="GETREVIEW[CASE19 - Submitting Reviews; text too long | Expected: FALSE | Parameters: 1,1,very goodvery goodvery goodvery goodvery goodvery goodvery goodvery goodvery goodvery goodvery goodvery goodvery goodvery goodvery goodvery goodvery goodvery goodvery goodvery goodvery goodvery goodvery goodvery goodvery goodvery goodvery goodvery goodvery goodvery goodvery goodvery goodvery goodvery goodvery goodvery goodvery goodvery goodvery goodvery goodvery goodvery goodvery goodvery goodvery goodvery goodvery goodvery goodvery goodvery goodvery goodvery goodvery goodvery goodvery goodvery good]" time="0.480" classname="junit.ReviewsModule">
    <skipped/>
  </testcase> <!-- GETREVIEW[CASE19 - Submitting Reviews; text too long | Expected: FALSE | Parameters: 1,1,very goodvery goodvery goodvery goodvery goodvery goodvery goodvery goodvery goodvery goodvery goodvery goodvery goodvery goodvery goodvery goodvery goodvery goodvery goodvery goodvery goodvery goodvery goodvery goodvery goodvery goodvery goodvery goodvery goodvery goodvery goodvery goodvery goodvery goodvery goodvery goodvery goodvery goodvery goodvery goodvery goodvery goodvery goodvery goodvery goodvery goodvery goodvery goodvery goodvery goodvery goodvery goodvery goodvery goodvery goodvery good] -->
  <testcase name="GETREVIEW[CASE5 - Getting Reviews; ID valid | Expected: TRUE | Parameters: 1,,]" time="0.145" classname="junit.ReviewsModule"/>
  <testcase name="SUBMITREVIEW[CASE0 - Getting Item; ID valid | Expected: TRUE | Parameters: 1,,]" time="0.005" classname="junit.ReviewsModule">
    <skipped/>
  </testcase> <!-- SUBMITREVIEW[CASE0 - Getting Item; ID valid | Expected: TRUE | Parameters: 1,,] -->
  <testcase name="GETITEM[CASE6 - Getting Reviews; ID empty | Expected: FALSE | Parameters: ,,]" time="0.171" classname="junit.ReviewsModule">
    <skipped/>
  </testcase> <!-- GETITEM[CASE6 - Getting Reviews; ID empty | Expected: FALSE | Parameters: ,,] -->
  <testcase name="SUBMITREVIEW[CASE17 - Submitting Reviews; userID non-numeric | Expected: FALSE | Parameters: 1,abc,very good]" time="0.455" classname="junit.ReviewsModule"/>
  <testcase name="GETITEM[CASE0 - Getting Item; ID valid | Expected: TRUE | Parameters: 1,,]" time="0.028" classname="junit.ReviewsModule"/>
  <testcase name="SUBMITREVIEW[CASE9 - Getting Reviews; ID too long | Expected: FALSE | Parameters: 111111111111111111111111111111111111111111111111111111111111111111111111111111111111111111111111111111111111111111111111,,]" time="0.246" classname="junit.ReviewsModule">
    <skipped/>
  </testcase> <!-- SUBMITREVIEW[CASE9 - Getting Reviews; ID too long | Expected: FALSE | Parameters: 111111111111111111111111111111111111111111111111111111111111111111111111111111111111111111111111111111111111111111111111,,] -->
  <testcase name="GETREVIEW[CASE7 - Getting Reviews; ID doesn’t exist | Expected: FALSE | Parameters: 777,,]" time="0.197" classname="junit.ReviewsModule"/>
  <testcase name="GETITEM[CASE15 - Submitting Reviews; userID empty | Expected: FALSE | Parameters: 1,,very good]" time="0.409" classname="junit.ReviewsModule">
    <skipped/>
  </testcase> <!-- GETITEM[CASE15 - Submitting Reviews; userID empty | Expected: FALSE | Parameters: 1,,very good] -->
  <testcase name="SUBMITREVIEW[CASE14 - Submitting Reviews; itemID too long | Expected: FALSE | Parameters: 111111111111111111111111111111111111111111111111111111111111111111111111111111111111111111111111111111111111111111111111,1,very good]" time="0.386" classname="junit.ReviewsModule"/>
  <testcase name="GETITEM[CASE16 - Submitting Reviews; userID doesn’t exist | Expected: FALSE | Parameters: 1,777,very good]" time="0.433" classname="junit.ReviewsModule">
    <skipped/>
  </testcase> <!-- GETITEM[CASE16 - Submitting Reviews; userID doesn’t exist | Expected: FALSE | Parameters: 1,777,very good] -->
  <testcase name="GETITEM[CASE19 - Submitting Reviews; text too long | Expected: FALSE | Parameters: 1,1,very goodvery goodvery goodvery goodvery goodvery goodvery goodvery goodvery goodvery goodvery goodvery goodvery goodvery goodvery goodvery goodvery goodvery goodvery goodvery goodvery goodvery goodvery goodvery goodvery goodvery goodvery goodvery goodvery goodvery goodvery goodvery goodvery goodvery goodvery goodvery goodvery goodvery goodvery goodvery goodvery goodvery goodvery goodvery goodvery goodvery goodvery goodvery goodvery goodvery goodvery goodvery goodvery goodvery goodvery goodvery good]" time="0.504" classname="junit.ReviewsModule">
    <skipped/>
  </testcase> <!-- GETITEM[CASE19 - Submitting Reviews; text too long | Expected: FALSE | Parameters: 1,1,very goodvery goodvery goodvery goodvery goodvery goodvery goodvery goodvery goodvery goodvery goodvery goodvery goodvery goodvery goodvery goodvery goodvery goodvery goodvery goodvery goodvery goodvery goodvery goodvery goodvery goodvery goodvery goodvery goodvery goodvery goodvery goodvery goodvery goodvery goodvery goodvery goodvery goodvery goodvery goodvery goodvery goodvery goodvery goodvery goodvery goodvery goodvery goodvery goodvery goodvery goodvery goodvery goodvery goodvery goodvery good] -->
  <testcase name="GETITEM[CASE10 - Submitting Reviews; valid | Expected: TRUE | Parameters: 1,1,very good]" time="0.292" classname="junit.ReviewsModule">
    <skipped/>
  </testcase> <!-- GETITEM[CASE10 - Submitting Reviews; valid | Expected: TRUE | Parameters: 1,1,very good] -->
  <testcase name="SUBMITREVIEW[CASE2 - Getting Item; ID doesn’t exist | Expected: FALSE | Parameters: 777,,]" time="0.053" classname="junit.ReviewsModule">
    <skipped/>
  </testcase> <!-- SUBMITREVIEW[CASE2 - Getting Item; ID doesn’t exist | Expected: FALSE | Parameters: 777,,] -->
  <testcase name="GETREVIEW[CASE15 - Submitting Reviews; userID empty | Expected: FALSE | Parameters: 1,,very good]" time="0.387" classname="junit.ReviewsModule">
    <skipped/>
  </testcase> <!-- GETREVIEW[CASE15 - Submitting Reviews; userID empty | Expected: FALSE | Parameters: 1,,very good] -->
  <testcase name="SUBMITREVIEW[CASE18 - Submitting Reviews; userID too long | Expected: FALSE | Parameters: 1,111111111111111111111111111111111111111111111111111111111111111111111111111111111111111111111111111111111111111111111111,very good]" time="0.479" classname="junit.ReviewsModule"/>
  <testcase name="SUBMITREVIEW[CASE5 - Getting Reviews; ID valid | Expected: TRUE | Parameters: 1,,]" time="0.146" classname="junit.ReviewsModule">
    <skipped/>
  </testcase> <!-- SUBMITREVIEW[CASE5 - Getting Reviews; ID valid | Expected: TRUE | Parameters: 1,,] -->
  <testcase name="GETREVIEW[CASE13 - Submitting Reviews; itemID non-numeric | Expected: FALSE | Parameters: abc,1,very good]" time="0.339" classname="junit.ReviewsModule">
    <skipped/>
  </testcase> <!-- GETREVIEW[CASE13 - Submitting Reviews; itemID non-numeric | Expected: FALSE | Parameters: abc,1,very good] -->
  <testcase name="GETITEM[CASE12 - Submitting Reviews; itemID doesn’t exist | Expected: FALSE | Parameters: 777,1,very good]" time="0.339" classname="junit.ReviewsModule">
    <skipped/>
  </testcase> <!-- GETITEM[CASE12 - Submitting Reviews; itemID doesn’t exist | Expected: FALSE | Parameters: 777,1,very good] -->
  <testcase name="GETITEM[CASE3 - Getting Item; ID non-numeric | Expected: FALSE | Parameters: abc,,]" time="0.098" classname="junit.ReviewsModule"/>
  <testcase name="SUBMITREVIEW[CASE10 - Submitting Reviews; valid | Expected: TRUE | Parameters: 1,1,very good]" time="0.292" classname="junit.ReviewsModule"/>
  <testcase name="GETREVIEW[CASE18 - Submitting Reviews; userID too long | Expected: FALSE | Parameters: 1,111111111111111111111111111111111111111111111111111111111111111111111111111111111111111111111111111111111111111111111111,very good]" time="0.456" classname="junit.ReviewsModule">
    <skipped/>
  </testcase> <!-- GETREVIEW[CASE18 - Submitting Reviews; userID too long | Expected: FALSE | Parameters: 1,111111111111111111111111111111111111111111111111111111111111111111111111111111111111111111111111111111111111111111111111,very good] -->
  <testcase name="SUBMITREVIEW[CASE16 - Submitting Reviews; userID doesn’t exist | Expected: FALSE | Parameters: 1,777,very good]" time="0.433" classname="junit.ReviewsModule"/>
  <testcase name="GETREVIEW[CASE2 - Getting Item; ID doesn’t exist | Expected: FALSE | Parameters: 777,,]" time="0.052" classname="junit.ReviewsModule">
    <skipped/>
  </testcase> <!-- GETREVIEW[CASE2 - Getting Item; ID doesn’t exist | Expected: FALSE | Parameters: 777,,] -->
  <testcase name="GETREVIEW[CASE12 - Submitting Reviews; itemID doesn’t exist | Expected: FALSE | Parameters: 777,1,very good]" time="0.316" classname="junit.ReviewsModule">
    <skipped/>
  </testcase> <!-- GETREVIEW[CASE12 - Submitting Reviews; itemID doesn’t exist | Expected: FALSE | Parameters: 777,1,very good] -->
  <testcase name="GETREVIEW[CASE16 - Submitting Reviews; userID doesn’t exist | Expected: FALSE | Parameters: 1,777,very good]" time="0.410" classname="junit.ReviewsModule">
    <skipped/>
  </testcase> <!-- GETREVIEW[CASE16 - Submitting Reviews; userID doesn’t exist | Expected: FALSE | Parameters: 1,777,very good] -->
  <testcase name="GETREVIEW[CASE9 - Getting Reviews; ID too long | Expected: FALSE | Parameters: 111111111111111111111111111111111111111111111111111111111111111111111111111111111111111111111111111111111111111111111111,,]" time="0.245" classname="junit.ReviewsModule"/>
  <testcase name="GETITEM[CASE7 - Getting Reviews; ID doesn’t exist | Expected: FALSE | Parameters: 777,,]" time="0.198" classname="junit.ReviewsModule">
    <skipped/>
  </testcase> <!-- GETITEM[CASE7 - Getting Reviews; ID doesn’t exist | Expected: FALSE | Parameters: 777,,] -->
  <testcase name="SUBMITREVIEW[CASE11 - Submitting Reviews; itemID empty | Expected: FALSE | Parameters: ,1,very good]" time="0.315" classname="junit.ReviewsModule"/>
  <testcase name="GETITEM[CASE4 - Getting Item; ID too long | Expected: FALSE | Parameters: 111111111111111111111111111111111111111111111111111111111111111111111111111111111111111111111111111111111111111111111111,,]" time="0.124" classname="junit.ReviewsModule"/>
  <testcase name="SUBMITREVIEW[CASE8 - Getting Reviews; ID non-numeric | Expected: FALSE | Parameters: abc,,]" time="0.222" classname="junit.ReviewsModule">
    <skipped/>
  </testcase> <!-- SUBMITREVIEW[CASE8 - Getting Reviews; ID non-numeric | Expected: FALSE | Parameters: abc,,] -->
  <testcase name="SUBMITREVIEW[CASE3 - Getting Item; ID non-numeric | Expected: FALSE | Parameters: abc,,]" time="0.076" classname="junit.ReviewsModule">
    <skipped/>
  </testcase> <!-- SUBMITREVIEW[CASE3 - Getting Item; ID non-numeric | Expected: FALSE | Parameters: abc,,] -->
  <testcase name="GETREVIEW[CASE8 - Getting Reviews; ID non-numeric | Expected: FALSE | Parameters: abc,,]" time="0.221" classname="junit.ReviewsModule"/>
  <testcase name="GETREVIEW[CASE11 - Submitting Reviews; itemID empty | Expected: FALSE | Parameters: ,1,very good]" time="0.293" classname="junit.ReviewsModule">
    <skipped/>
  </testcase> <!-- GETREVIEW[CASE11 - Submitting Reviews; itemID empty | Expected: FALSE | Parameters: ,1,very good] -->
  <testcase name="GETITEM[CASE13 - Submitting Reviews; itemID non-numeric | Expected: FALSE | Parameters: abc,1,very good]" time="0.362" classname="junit.ReviewsModule">
    <skipped/>
  </testcase> <!-- GETITEM[CASE13 - Submitting Reviews; itemID non-numeric | Expected: FALSE | Parameters: abc,1,very good] -->
  <testcase name="GETITEM[CASE8 - Getting Reviews; ID non-numeric | Expected: FALSE | Parameters: abc,,]" time="0.223" classname="junit.ReviewsModule">
    <skipped/>
  </testcase> <!-- GETITEM[CASE8 - Getting Reviews; ID non-numeric | Expected: FALSE | Parameters: abc,,] -->
  <testcase name="GETREVIEW[CASE10 - Submitting Reviews; valid | Expected: TRUE | Parameters: 1,1,very good]" time="0.247" classname="junit.ReviewsModule">
    <skipped/>
  </testcase> <!-- GETREVIEW[CASE10 - Submitting Reviews; valid | Expected: TRUE | Parameters: 1,1,very good] -->
  <testcase name="GETITEM[CASE14 - Submitting Reviews; itemID too long | Expected: FALSE | Parameters: 111111111111111111111111111111111111111111111111111111111111111111111111111111111111111111111111111111111111111111111111,1,very good]" time="0.386" classname="junit.ReviewsModule">
    <skipped/>
  </testcase> <!-- GETITEM[CASE14 - Submitting Reviews; itemID too long | Expected: FALSE | Parameters: 111111111111111111111111111111111111111111111111111111111111111111111111111111111111111111111111111111111111111111111111,1,very good] -->
  <testcase name="GETITEM[CASE11 - Submitting Reviews; itemID empty | Expected: FALSE | Parameters: ,1,very good]" time="0.315" classname="junit.ReviewsModule">
    <skipped/>
  </testcase> <!-- GETITEM[CASE11 - Submitting Reviews; itemID empty | Expected: FALSE | Parameters: ,1,very good] -->
  <testcase name="GETREVIEW[CASE4 - Getting Item; ID too long | Expected: FALSE | Parameters: 111111111111111111111111111111111111111111111111111111111111111111111111111111111111111111111111111111111111111111111111,,]" time="0.099" classname="junit.ReviewsModule">
    <skipped/>
  </testcase> <!-- GETREVIEW[CASE4 - Getting Item; ID too long | Expected: FALSE | Parameters: 111111111111111111111111111111111111111111111111111111111111111111111111111111111111111111111111111111111111111111111111,,] -->
  <testcase name="SUBMITREVIEW[CASE15 - Submitting Reviews; userID empty | Expected: FALSE | Parameters: 1,,very good]" time="0.409" classname="junit.ReviewsModule"/>
  <testcase name="SUBMITREVIEW[CASE4 - Getting Item; ID too long | Expected: FALSE | Parameters: 111111111111111111111111111111111111111111111111111111111111111111111111111111111111111111111111111111111111111111111111,,]" time="0.099" classname="junit.ReviewsModule">
    <skipped/>
  </testcase> <!-- SUBMITREVIEW[CASE4 - Getting Item; ID too long | Expected: FALSE | Parameters: 111111111111111111111111111111111111111111111111111111111111111111111111111111111111111111111111111111111111111111111111,,] -->
  <testcase name="SUBMITREVIEW[CASE12 - Submitting Reviews; itemID doesn’t exist | Expected: FALSE | Parameters: 777,1,very good]" time="0.338" classname="junit.ReviewsModule"/>
  <testcase name="GETITEM[CASE17 - Submitting Reviews; userID non-numeric | Expected: FALSE | Parameters: 1,abc,very good]" time="0.456" classname="junit.ReviewsModule">
    <skipped/>
  </testcase> <!-- GETITEM[CASE17 - Submitting Reviews; userID non-numeric | Expected: FALSE | Parameters: 1,abc,very good] -->
</testsuite> <!-- junit.ReviewsModule -->
