<?xml version="1.0" encoding="UTF-8"?>
<!-- Generated by org.testng.reporters.JUnitReportReporter -->
<testsuite skipped="0" hostname="DESKTOP-DH4500R" name="testng.TestingTestNG2" tests="2" failures="0" timestamp="21 Dec 2017 19:53:02 GMT" time="0.007" errors="0">
  <testcase name="TestCases2" time="0.002" classname="testng.TestingTestNG2"/>
  <testcase name="TestCases" time="0.005" classname="testng.TestingTestNG2"/>
</testsuite> <!-- testng.TestingTestNG2 -->
